<?xml version="1.0" encoding="UTF-8"?>
<testsuite name="com.blog.manage.BlogManageWebApplicationTests" time="0.017" tests="1" errors="1" skipped="0" failures="0">
  <properties>
[...]
</properties>
  <testcase name="contextLoads" classname="com.blog.manage.BlogManageWebApplicationTests" time="0.017">
    <error message="Failed to load ApplicationContext" type="java.lang.IllegalStateException">java.lang.IllegalStateException: Failed to load ApplicationContext
	at org.springframework.test.context.cache.DefaultCacheAwareContextLoaderDelegate.loadContext(DefaultCacheAwareContextLoaderDelegate.java:124)
	at org.springframework.test.context.support.DefaultTestContext.getApplicationContext(DefaultTestContext.java:83)
	at org.springframework.test.context.web.ServletTestExecutionListener.setUpRequestContextIfNecessary(ServletTestExecutionListener.java:189)
	at org.springframework.test.context.web.ServletTestExecutionListener.prepareTestInstance(ServletTestExecutionListener.java:131)
	at org.springframework.test.context.TestContextManager.prepareTestInstance(TestContextManager.java:230)
	at org.springframework.test.context.junit4.SpringJUnit4ClassRunner.createTest(SpringJUnit4ClassRunner.java:228)
	at org.springframework.test.context.junit4.SpringJUnit4ClassRunner$1.runReflectiveCall(SpringJUnit4ClassRunner.java:287)
	at org.junit.internal.runners.model.ReflectiveCallable.run(ReflectiveCallable.java:12)
	at org.springframework.test.context.junit4.SpringJUnit4ClassRunner.methodBlock(SpringJUnit4ClassRunner.java:289)
	at org.springframework.test.context.junit4.SpringJUnit4ClassRunner.runChild(SpringJUnit4ClassRunner.java:247)
	at org.springframework.test.context.junit4.SpringJUnit4ClassRunner.runChild(SpringJUnit4ClassRunner.java:94)
	at org.junit.runners.ParentRunner$3.run(ParentRunner.java:290)
	at org.junit.runners.ParentRunner$1.schedule(ParentRunner.java:71)
	at org.junit.runners.ParentRunner.runChildren(ParentRunner.java:288)
	at org.junit.runners.ParentRunner.access$000(ParentRunner.java:58)
	at org.junit.runners.ParentRunner$2.evaluate(ParentRunner.java:268)
	at org.springframework.test.context.junit4.statements.RunBeforeTestClassCallbacks.evaluate(RunBeforeTestClassCallbacks.java:61)
	at org.springframework.test.context.junit4.statements.RunAfterTestClassCallbacks.evaluate(RunAfterTestClassCallbacks.java:70)
	at org.junit.runners.ParentRunner.run(ParentRunner.java:363)
	at org.springframework.test.context.junit4.SpringJUnit4ClassRunner.run(SpringJUnit4ClassRunner.java:191)
	at org.apache.maven.surefire.junit4.JUnit4Provider.execute(JUnit4Provider.java:283)
	at org.apache.maven.surefire.junit4.JUnit4Provider.executeWithRerun(JUnit4Provider.java:173)
	at org.apache.maven.surefire.junit4.JUnit4Provider.executeTestSet(JUnit4Provider.java:153)
	at org.apache.maven.surefire.junit4.JUnit4Provider.invoke(JUnit4Provider.java:128)
	at org.apache.maven.surefire.booter.ForkedBooter.invokeProviderInSameClassLoader(ForkedBooter.java:203)
	at org.apache.maven.surefire.booter.ForkedBooter.runSuitesInProcess(ForkedBooter.java:155)
	at org.apache.maven.surefire.booter.ForkedBooter.main(ForkedBooter.java:103)
Caused by: org.springframework.beans.factory.BeanCreationException: Error creating bean with name 'dataSource' defined in class path resource [org/springframework/boot/autoconfigure/jdbc/DataSourceConfiguration$Tomcat.class]: Bean instantiation via factory method failed; nested exception is org.springframework.beans.BeanInstantiationException: Failed to instantiate [org.apache.tomcat.jdbc.pool.DataSource]: Factory method 'dataSource' threw exception; nested exception is org.springframework.boot.autoconfigure.jdbc.DataSourceProperties$DataSourceBeanCreationException: Cannot determine embedded database driver class for database type NONE. If you want an embedded database please put a supported one on the classpath. If you have database settings to be loaded from a particular profile you may need to active it (no profiles are currently active).
	at org.springframework.beans.factory.support.ConstructorResolver.instantiateUsingFactoryMethod(ConstructorResolver.java:599)
	at org.springframework.beans.factory.support.AbstractAutowireCapableBeanFactory.instantiateUsingFactoryMethod(AbstractAutowireCapableBeanFactory.java:1173)
	at org.springframework.beans.factory.support.AbstractAutowireCapableBeanFactory.createBeanInstance(AbstractAutowireCapableBeanFactory.java:1067)
	at org.springframework.beans.factory.support.AbstractAutowireCapableBeanFactory.doCreateBean(AbstractAutowireCapableBeanFactory.java:513)
	at org.springframework.beans.factory.support.AbstractAutowireCapableBeanFactory.createBean(AbstractAutowireCapableBeanFactory.java:483)
	at org.springframework.beans.factory.support.AbstractBeanFactory$1.getObject(AbstractBeanFactory.java:306)
	at org.springframework.beans.factory.support.DefaultSingletonBeanRegistry.getSingleton(DefaultSingletonBeanRegistry.java:230)
	at org.springframework.beans.factory.support.AbstractBeanFactory.doGetBean(AbstractBeanFactory.java:302)
	at org.springframework.beans.factory.support.AbstractBeanFactory.getBean(AbstractBeanFactory.java:197)
	at org.springframework.beans.factory.support.DefaultListableBeanFactory.preInstantiateSingletons(DefaultListableBeanFactory.java:761)
	at org.springframework.context.support.AbstractApplicationContext.finishBeanFactoryInitialization(AbstractApplicationContext.java:867)
	at org.springframework.context.support.AbstractApplicationContext.refresh(AbstractApplicationContext.java:543)
	at org.springframework.boot.SpringApplication.refresh(SpringApplication.java:693)
	at org.springframework.boot.SpringApplication.refreshContext(SpringApplication.java:360)
	at org.springframework.boot.SpringApplication.run(SpringApplication.java:303)
	at org.springframework.boot.test.context.SpringBootContextLoader.loadContext(SpringBootContextLoader.java:120)
	at org.springframework.test.context.cache.DefaultCacheAwareContextLoaderDelegate.loadContextInternal(DefaultCacheAwareContextLoaderDelegate.java:98)
	at org.springframework.test.context.cache.DefaultCacheAwareContextLoaderDelegate.loadContext(DefaultCacheAwareContextLoaderDelegate.java:116)
	at org.springframework.test.context.support.DefaultTestContext.getApplicationContext(DefaultTestContext.java:83)
	at org.springframework.test.context.web.ServletTestExecutionListener.setUpRequestContextIfNecessary(ServletTestExecutionListener.java:189)
	at org.springframework.test.context.web.ServletTestExecutionListener.prepareTestInstance(ServletTestExecutionListener.java:131)
	at org.springframework.test.context.TestContextManager.prepareTestInstance(TestContextManager.java:230)
	at org.springframework.test.context.junit4.SpringJUnit4ClassRunner.createTest(SpringJUnit4ClassRunner.java:228)
	at org.springframework.test.context.junit4.SpringJUnit4ClassRunner$1.runReflectiveCall(SpringJUnit4ClassRunner.java:287)
	at org.junit.internal.runners.model.ReflectiveCallable.run(ReflectiveCallable.java:12)
	at org.springframework.test.context.junit4.SpringJUnit4ClassRunner.methodBlock(SpringJUnit4ClassRunner.java:289)
	at org.springframework.test.context.junit4.SpringJUnit4ClassRunner.runChild(SpringJUnit4ClassRunner.java:247)
	at org.springframework.test.context.junit4.SpringJUnit4ClassRunner.runChild(SpringJUnit4ClassRunner.java:94)
	at org.junit.runners.ParentRunner$3.run(ParentRunner.java:290)
	at org.junit.runners.ParentRunner$1.schedule(ParentRunner.java:71)
	at org.junit.runners.ParentRunner.runChildren(ParentRunner.java:288)
	at org.junit.runners.ParentRunner.access$000(ParentRunner.java:58)
	at org.junit.runners.ParentRunner$2.evaluate(ParentRunner.java:268)
	at org.springframework.test.context.junit4.statements.RunBeforeTestClassCallbacks.evaluate(RunBeforeTestClassCallbacks.java:61)
	at org.springframework.test.context.junit4.statements.RunAfterTestClassCallbacks.evaluate(RunAfterTestClassCallbacks.java:70)
	at org.junit.runners.ParentRunner.run(ParentRunner.java:363)
	at org.springframework.test.context.junit4.SpringJUnit4ClassRunner.run(SpringJUnit4ClassRunner.java:191)
	at org.apache.maven.surefire.junit4.JUnit4Provider.execute(JUnit4Provider.java:283)
	at org.apache.maven.surefire.junit4.JUnit4Provider.executeWithRerun(JUnit4Provider.java:173)
	at org.apache.maven.surefire.junit4.JUnit4Provider.executeTestSet(JUnit4Provider.java:153)
	at org.apache.maven.surefire.junit4.JUnit4Provider.invoke(JUnit4Provider.java:128)
	at org.apache.maven.surefire.booter.ForkedBooter.invokeProviderInSameClassLoader(ForkedBooter.java:203)
	at org.apache.maven.surefire.booter.ForkedBooter.runSuitesInProcess(ForkedBooter.java:155)
	at org.apache.maven.surefire.booter.ForkedBooter.main(ForkedBooter.java:103)
Caused by: org.springframework.beans.BeanInstantiationException: Failed to instantiate [org.apache.tomcat.jdbc.pool.DataSource]: Factory method 'dataSource' threw exception; nested exception is org.springframework.boot.autoconfigure.jdbc.DataSourceProperties$DataSourceBeanCreationException: Cannot determine embedded database driver class for database type NONE. If you want an embedded database please put a supported one on the classpath. If you have database settings to be loaded from a particular profile you may need to active it (no profiles are currently active).
	at org.springframework.beans.factory.support.SimpleInstantiationStrategy.instantiate(SimpleInstantiationStrategy.java:189)
	at org.springframework.beans.factory.support.ConstructorResolver.instantiateUsingFactoryMethod(ConstructorResolver.java:588)
	at org.springframework.beans.factory.support.AbstractAutowireCapableBeanFactory.instantiateUsingFactoryMethod(AbstractAutowireCapableBeanFactory.java:1173)
	at org.springframework.beans.factory.support.AbstractAutowireCapableBeanFactory.createBeanInstance(AbstractAutowireCapableBeanFactory.java:1067)
	at org.springframework.beans.factory.support.AbstractAutowireCapableBeanFactory.doCreateBean(AbstractAutowireCapableBeanFactory.java:513)
	at org.springframework.beans.factory.support.AbstractAutowireCapableBeanFactory.createBean(AbstractAutowireCapableBeanFactory.java:483)
	at org.springframework.beans.factory.support.AbstractBeanFactory$1.getObject(AbstractBeanFactory.java:306)
	at org.springframework.beans.factory.support.DefaultSingletonBeanRegistry.getSingleton(DefaultSingletonBeanRegistry.java:230)
	at org.springframework.beans.factory.support.AbstractBeanFactory.doGetBean(AbstractBeanFactory.java:302)
	at org.springframework.beans.factory.support.AbstractBeanFactory.getBean(AbstractBeanFactory.java:197)
	at org.springframework.beans.factory.support.DefaultListableBeanFactory.preInstantiateSingletons(DefaultListableBeanFactory.java:761)
	at org.springframework.context.support.AbstractApplicationContext.finishBeanFactoryInitialization(AbstractApplicationContext.java:867)
	at org.springframework.context.support.AbstractApplicationContext.refresh(AbstractApplicationContext.java:543)
	at org.springframework.boot.SpringApplication.refresh(SpringApplication.java:693)
	at org.springframework.boot.SpringApplication.refreshContext(SpringApplication.java:360)
	at org.springframework.boot.SpringApplication.run(SpringApplication.java:303)
	at org.springframework.boot.test.context.SpringBootContextLoader.loadContext(SpringBootContextLoader.java:120)
	at org.springframework.test.context.cache.DefaultCacheAwareContextLoaderDelegate.loadContextInternal(DefaultCacheAwareContextLoaderDelegate.java:98)
	at org.springframework.test.context.cache.DefaultCacheAwareContextLoaderDelegate.loadContext(DefaultCacheAwareContextLoaderDelegate.java:116)
	at org.springframework.test.context.support.DefaultTestContext.getApplicationContext(DefaultTestContext.java:83)
	at org.springframework.test.context.web.ServletTestExecutionListener.setUpRequestContextIfNecessary(ServletTestExecutionListener.java:189)
	at org.springframework.test.context.web.ServletTestExecutionListener.prepareTestInstance(ServletTestExecutionListener.java:131)
	at org.springframework.test.context.TestContextManager.prepareTestInstance(TestContextManager.java:230)
	at org.springframework.test.context.junit4.SpringJUnit4ClassRunner.createTest(SpringJUnit4ClassRunner.java:228)
	at org.springframework.test.context.junit4.SpringJUnit4ClassRunner$1.runReflectiveCall(SpringJUnit4ClassRunner.java:287)
	at org.junit.internal.runners.model.ReflectiveCallable.run(ReflectiveCallable.java:12)
	at org.springframework.test.context.junit4.SpringJUnit4ClassRunner.methodBlock(SpringJUnit4ClassRunner.java:289)
	at org.springframework.test.context.junit4.SpringJUnit4ClassRunner.runChild(SpringJUnit4ClassRunner.java:247)
	at org.springframework.test.context.junit4.SpringJUnit4ClassRunner.runChild(SpringJUnit4ClassRunner.java:94)
	at org.junit.runners.ParentRunner$3.run(ParentRunner.java:290)
	at org.junit.runners.ParentRunner$1.schedule(ParentRunner.java:71)
	at org.junit.runners.ParentRunner.runChildren(ParentRunner.java:288)
	at org.junit.runners.ParentRunner.access$000(ParentRunner.java:58)
	at org.junit.runners.ParentRunner$2.evaluate(ParentRunner.java:268)
	at org.springframework.test.context.junit4.statements.RunBeforeTestClassCallbacks.evaluate(RunBeforeTestClassCallbacks.java:61)
	at org.springframework.test.context.junit4.statements.RunAfterTestClassCallbacks.evaluate(RunAfterTestClassCallbacks.java:70)
	at org.junit.runners.ParentRunner.run(ParentRunner.java:363)
	at org.springframework.test.context.junit4.SpringJUnit4ClassRunner.run(SpringJUnit4ClassRunner.java:191)
	at org.apache.maven.surefire.junit4.JUnit4Provider.execute(JUnit4Provider.java:283)
	at org.apache.maven.surefire.junit4.JUnit4Provider.executeWithRerun(JUnit4Provider.java:173)
	at org.apache.maven.surefire.junit4.JUnit4Provider.executeTestSet(JUnit4Provider.java:153)
	at org.apache.maven.surefire.junit4.JUnit4Provider.invoke(JUnit4Provider.java:128)
	at org.apache.maven.surefire.booter.ForkedBooter.invokeProviderInSameClassLoader(ForkedBooter.java:203)
	at org.apache.maven.surefire.booter.ForkedBooter.runSuitesInProcess(ForkedBooter.java:155)
	at org.apache.maven.surefire.booter.ForkedBooter.main(ForkedBooter.java:103)
Caused by: org.springframework.boot.autoconfigure.jdbc.DataSourceProperties$DataSourceBeanCreationException: Cannot determine embedded database driver class for database type NONE. If you want an embedded database please put a supported one on the classpath. If you have database settings to be loaded from a particular profile you may need to active it (no profiles are currently active).
	at org.springframework.boot.autoconfigure.jdbc.DataSourceProperties.determineDriverClassName(DataSourceProperties.java:247)
	at org.springframework.boot.autoconfigure.jdbc.DataSourceProperties.initializeDataSourceBuilder(DataSourceProperties.java:184)
	at org.springframework.boot.autoconfigure.jdbc.DataSourceConfiguration.createDataSource(DataSourceConfiguration.java:42)
	at org.springframework.boot.autoconfigure.jdbc.DataSourceConfiguration$Tomcat.dataSource(DataSourceConfiguration.java:56)
	at sun.reflect.NativeMethodAccessorImpl.invoke0(Native Method)
	at sun.reflect.NativeMethodAccessorImpl.invoke(NativeMethodAccessorImpl.java:62)
	at sun.reflect.DelegatingMethodAccessorImpl.invoke(DelegatingMethodAccessorImpl.java:43)
	at java.lang.reflect.Method.invoke(Method.java:498)
	at org.springframework.beans.factory.support.SimpleInstantiationStrategy.instantiate(SimpleInstantiationStrategy.java:162)
	at org.springframework.beans.factory.support.ConstructorResolver.instantiateUsingFactoryMethod(ConstructorResolver.java:588)
	at org.springframework.beans.factory.support.AbstractAutowireCapableBeanFactory.instantiateUsingFactoryMethod(AbstractAutowireCapableBeanFactory.java:1173)
	at org.springframework.beans.factory.support.AbstractAutowireCapableBeanFactory.createBeanInstance(AbstractAutowireCapableBeanFactory.java:1067)
	at org.springframework.beans.factory.support.AbstractAutowireCapableBeanFactory.doCreateBean(AbstractAutowireCapableBeanFactory.java:513)
	at org.springframework.beans.factory.support.AbstractAutowireCapableBeanFactory.createBean(AbstractAutowireCapableBeanFactory.java:483)
	at org.springframework.beans.factory.support.AbstractBeanFactory$1.getObject(AbstractBeanFactory.java:306)
	at org.springframework.beans.factory.support.DefaultSingletonBeanRegistry.getSingleton(DefaultSingletonBeanRegistry.java:230)
	at org.springframework.beans.factory.support.AbstractBeanFactory.doGetBean(AbstractBeanFactory.java:302)
	at org.springframework.beans.factory.support.AbstractBeanFactory.getBean(AbstractBeanFactory.java:197)
	at org.springframework.beans.factory.support.DefaultListableBeanFactory.preInstantiateSingletons(DefaultListableBeanFactory.java:761)
	at org.springframework.context.support.AbstractApplicationContext.finishBeanFactoryInitialization(AbstractApplicationContext.java:867)
	at org.springframework.context.support.AbstractApplicationContext.refresh(AbstractApplicationContext.java:543)
	at org.springframework.boot.SpringApplication.refresh(SpringApplication.java:693)
	at org.springframework.boot.SpringApplication.refreshContext(SpringApplication.java:360)
	at org.springframework.boot.SpringApplication.run(SpringApplication.java:303)
	at org.springframework.boot.test.context.SpringBootContextLoader.loadContext(SpringBootContextLoader.java:120)
	at org.springframework.test.context.cache.DefaultCacheAwareContextLoaderDelegate.loadContextInternal(DefaultCacheAwareContextLoaderDelegate.java:98)
	at org.springframework.test.context.cache.DefaultCacheAwareContextLoaderDelegate.loadContext(DefaultCacheAwareContextLoaderDelegate.java:116)
	at org.springframework.test.context.support.DefaultTestContext.getApplicationContext(DefaultTestContext.java:83)
	at org.springframework.test.context.web.ServletTestExecutionListener.setUpRequestContextIfNecessary(ServletTestExecutionListener.java:189)
	at org.springframework.test.context.web.ServletTestExecutionListener.prepareTestInstance(ServletTestExecutionListener.java:131)
	at org.springframework.test.context.TestContextManager.prepareTestInstance(TestContextManager.java:230)
	at org.springframework.test.context.junit4.SpringJUnit4ClassRunner.createTest(SpringJUnit4ClassRunner.java:228)
	at org.springframework.test.context.junit4.SpringJUnit4ClassRunner$1.runReflectiveCall(SpringJUnit4ClassRunner.java:287)
	at org.junit.internal.runners.model.ReflectiveCallable.run(ReflectiveCallable.java:12)
	at org.springframework.test.context.junit4.SpringJUnit4ClassRunner.methodBlock(SpringJUnit4ClassRunner.java:289)
	at org.springframework.test.context.junit4.SpringJUnit4ClassRunner.runChild(SpringJUnit4ClassRunner.java:247)
	at org.springframework.test.context.junit4.SpringJUnit4ClassRunner.runChild(SpringJUnit4ClassRunner.java:94)
	at org.junit.runners.ParentRunner$3.run(ParentRunner.java:290)
	at org.junit.runners.ParentRunner$1.schedule(ParentRunner.java:71)
	at org.junit.runners.ParentRunner.runChildren(ParentRunner.java:288)
	at org.junit.runners.ParentRunner.access$000(ParentRunner.java:58)
	at org.junit.runners.ParentRunner$2.evaluate(ParentRunner.java:268)
	at org.springframework.test.context.junit4.statements.RunBeforeTestClassCallbacks.evaluate(RunBeforeTestClassCallbacks.java:61)
	at org.springframework.test.context.junit4.statements.RunAfterTestClassCallbacks.evaluate(RunAfterTestClassCallbacks.java:70)
	at org.junit.runners.ParentRunner.run(ParentRunner.java:363)
	at org.springframework.test.context.junit4.SpringJUnit4ClassRunner.run(SpringJUnit4ClassRunner.java:191)
	at org.apache.maven.surefire.junit4.JUnit4Provider.execute(JUnit4Provider.java:283)
	at org.apache.maven.surefire.junit4.JUnit4Provider.executeWithRerun(JUnit4Provider.java:173)
	at org.apache.maven.surefire.junit4.JUnit4Provider.executeTestSet(JUnit4Provider.java:153)
	at org.apache.maven.surefire.junit4.JUnit4Provider.invoke(JUnit4Provider.java:128)
	at org.apache.maven.surefire.booter.ForkedBooter.invokeProviderInSameClassLoader(ForkedBooter.java:203)
	at org.apache.maven.surefire.booter.ForkedBooter.runSuitesInProcess(ForkedBooter.java:155)
	at org.apache.maven.surefire.booter.ForkedBooter.main(ForkedBooter.java:103)
</error>
    <system-out><![CDATA[11:35:42.572 [main] DEBUG org.springframework.test.context.junit4.SpringJUnit4ClassRunner - SpringJUnit4ClassRunner constructor called with [class com.blog.manage.BlogManageWebApplicationTests]
11:35:42.584 [main] DEBUG org.springframework.test.context.BootstrapUtils - Instantiating CacheAwareContextLoaderDelegate from class [org.springframework.test.context.cache.DefaultCacheAwareContextLoaderDelegate]
11:35:42.595 [main] DEBUG org.springframework.test.context.BootstrapUtils - Instantiating BootstrapContext using constructor [public org.springframework.test.context.support.DefaultBootstrapContext(java.lang.Class,org.springframework.test.context.CacheAwareContextLoaderDelegate)]
11:35:42.618 [main] DEBUG org.springframework.test.context.BootstrapUtils - Instantiating TestContextBootstrapper for test class [com.blog.manage.BlogManageWebApplicationTests] from class [org.springframework.boot.test.context.SpringBootTestContextBootstrapper]
11:35:42.638 [main] INFO org.springframework.boot.test.context.SpringBootTestContextBootstrapper - Neither @ContextConfiguration nor @ContextHierarchy found for test class [com.blog.manage.BlogManageWebApplicationTests], using SpringBootContextLoader
11:35:42.644 [main] DEBUG org.springframework.test.context.support.AbstractContextLoader - Did not detect default resource location for test class [com.blog.manage.BlogManageWebApplicationTests]: class path resource [com/blog/manage/BlogManageWebApplicationTests-context.xml] does not exist
11:35:42.644 [main] DEBUG org.springframework.test.context.support.AbstractContextLoader - Did not detect default resource location for test class [com.blog.manage.BlogManageWebApplicationTests]: class path resource [com/blog/manage/BlogManageWebApplicationTestsContext.groovy] does not exist
11:35:42.645 [main] INFO org.springframework.test.context.support.AbstractContextLoader - Could not detect default resource locations for test class [com.blog.manage.BlogManageWebApplicationTests]: no resource found for suffixes {-context.xml, Context.groovy}.
11:35:42.646 [main] INFO org.springframework.test.context.support.AnnotationConfigContextLoaderUtils - Could not detect default configuration classes for test class [com.blog.manage.BlogManageWebApplicationTests]: BlogManageWebApplicationTests does not declare any static, non-private, non-final, nested classes annotated with @Configuration.
11:35:42.714 [main] DEBUG org.springframework.test.context.support.ActiveProfilesUtils - Could not find an 'annotation declaring class' for annotation type [org.springframework.test.context.ActiveProfiles] and class [com.blog.manage.BlogManageWebApplicationTests]
11:35:42.727 [main] DEBUG org.springframework.core.env.StandardEnvironment - Adding PropertySource 'systemProperties' with lowest search precedence
11:35:42.728 [main] DEBUG org.springframework.core.env.StandardEnvironment - Adding PropertySource 'systemEnvironment' with lowest search precedence
11:35:42.728 [main] DEBUG org.springframework.core.env.StandardEnvironment - Initialized StandardEnvironment with PropertySources [MapPropertySource@798244209 {name='systemProperties', properties={idea.version=2017.2.1, java.runtime.name=Java(TM) SE Runtime Environment, sun.boot.library.path=E:\Java\jdk1.8.0_131\jre\bin, java.vm.version=25.131-b11, java.vm.vendor=Oracle Corporation, java.vendor.url=http://java.oracle.com/, path.separator=;, java.vm.name=Java HotSpot(TM) 64-Bit Server VM, file.encoding.pkg=sun.io, user.country=CN, user.script=, sun.java.launcher=SUN_STANDARD, sun.os.patch.level=, java.vm.specification.name=Java Virtual Machine Specification, user.dir=D:\GitHubProject\my_blog\blog-manage-web, java.runtime.version=1.8.0_131-b11, basedir=D:\GitHubProject\my_blog\blog-manage-web, java.awt.graphicsenv=sun.awt.Win32GraphicsEnvironment, java.endorsed.dirs=E:\Java\jdk1.8.0_131\jre\lib\endorsed, os.arch=amd64, surefire.real.class.path=D:\GitHubProject\my_blog\blog-manage-web\target\surefire\surefirebooter6266729774948519038.jar, java.io.tmpdir=C:\Users\WANGFU~1\AppData\Local\Temp\, line.separator=
, java.vm.specification.vendor=Oracle Corporation, user.variant=, os.name=Windows 10, sun.jnu.encoding=GBK, java.library.path=E:\Java\jdk1.8.0_131\jre\bin;C:\WINDOWS\Sun\Java\bin;C:\WINDOWS\system32;C:\WINDOWS;C:\ProgramData\Oracle\Java\javapath;C:\WINDOWS\system32;C:\WINDOWS;C:\WINDOWS\System32\Wbem;C:\WINDOWS\System32\WindowsPowerShell\v1.0\;E:\Java\jdk1.7.0_75\bin;E:\Program Files\SlikSvn\bin;E:\Program Files\Git\cmd;C:\Program Files (x86)\NVIDIA Corporation\PhysX\Common;E:\Python27;E:\Python27\Scripts;C:\WINDOWS\system32;C:\WINDOWS;C:\WINDOWS\System32\Wbem;C:\WINDOWS\System32\WindowsPowerShell\v1.0\;E:\Java\spring_boot\spring-1.5.4.RELEASE\bin;E:\Java\Android\sdk\platform-tools;E:\my_package\build-tools\gradle-4.0.2\bin;C:\Program Files\MongoDB\Server\3.4\bin;C:\redis;E:\Program Files\putty\;E:\Program Files\TortoiseSVN\bin;%NGINX_HOME%;%MAVEN_HOME%\bin;C:\Users\wangfujie\AppData\Local\Microsoft\WindowsApps;;., surefire.test.class.path=D:\GitHubProject\my_blog\blog-manage-web\target\test-classes;D:\GitHubProject\my_blog\blog-manage-web\target\classes;E:\my_package\Apache\Repositories\Maven\org\mybatis\spring\boot\mybatis-spring-boot-starter\1.3.1\mybatis-spring-boot-starter-1.3.1.jar;E:\my_package\Apache\Repositories\Maven\org\springframework\boot\spring-boot-starter\1.5.8.RELEASE\spring-boot-starter-1.5.8.RELEASE.jar;E:\my_package\Apache\Repositories\Maven\org\springframework\boot\spring-boot\1.5.8.RELEASE\spring-boot-1.5.8.RELEASE.jar;E:\my_package\Apache\Repositories\Maven\org\springframework\boot\spring-boot-autoconfigure\1.5.8.RELEASE\spring-boot-autoconfigure-1.5.8.RELEASE.jar;E:\my_package\Apache\Repositories\Maven\org\springframework\boot\spring-boot-starter-logging\1.5.8.RELEASE\spring-boot-starter-logging-1.5.8.RELEASE.jar;E:\my_package\Apache\Repositories\Maven\ch\qos\logback\logback-classic\1.1.11\logback-classic-1.1.11.jar;E:\my_package\Apache\Repositories\Maven\ch\qos\logback\logback-core\1.1.11\logback-core-1.1.11.jar;E:\my_package\Apache\Repositories\Maven\org\slf4j\jul-to-slf4j\1.7.25\jul-to-slf4j-1.7.25.jar;E:\my_package\Apache\Repositories\Maven\org\slf4j\log4j-over-slf4j\1.7.25\log4j-over-slf4j-1.7.25.jar;E:\my_package\Apache\Repositories\Maven\org\yaml\snakeyaml\1.17\snakeyaml-1.17.jar;E:\my_package\Apache\Repositories\Maven\org\springframework\boot\spring-boot-starter-jdbc\1.5.8.RELEASE\spring-boot-starter-jdbc-1.5.8.RELEASE.jar;E:\my_package\Apache\Repositories\Maven\org\apache\tomcat\tomcat-jdbc\8.5.23\tomcat-jdbc-8.5.23.jar;E:\my_package\Apache\Repositories\Maven\org\apache\tomcat\tomcat-juli\8.5.23\tomcat-juli-8.5.23.jar;E:\my_package\Apache\Repositories\Maven\org\springframework\spring-jdbc\4.3.12.RELEASE\spring-jdbc-4.3.12.RELEASE.jar;E:\my_package\Apache\Repositories\Maven\org\mybatis\spring\boot\mybatis-spring-boot-autoconfigure\1.3.1\mybatis-spring-boot-autoconfigure-1.3.1.jar;E:\my_package\Apache\Repositories\Maven\org\mybatis\mybatis\3.4.5\mybatis-3.4.5.jar;E:\my_package\Apache\Repositories\Maven\org\mybatis\mybatis-spring\1.3.1\mybatis-spring-1.3.1.jar;E:\my_package\Apache\Repositories\Maven\org\springframework\boot\spring-boot-starter-web\1.5.8.RELEASE\spring-boot-starter-web-1.5.8.RELEASE.jar;E:\my_package\Apache\Repositories\Maven\org\hibernate\hibernate-validator\5.3.5.Final\hibernate-validator-5.3.5.Final.jar;E:\my_package\Apache\Repositories\Maven\javax\validation\validation-api\1.1.0.Final\validation-api-1.1.0.Final.jar;E:\my_package\Apache\Repositories\Maven\org\jboss\logging\jboss-logging\3.3.1.Final\jboss-logging-3.3.1.Final.jar;E:\my_package\Apache\Repositories\Maven\com\fasterxml\classmate\1.3.4\classmate-1.3.4.jar;E:\my_package\Apache\Repositories\Maven\com\fasterxml\jackson\core\jackson-databind\2.8.10\jackson-databind-2.8.10.jar;E:\my_package\Apache\Repositories\Maven\com\fasterxml\jackson\core\jackson-annotations\2.8.0\jackson-annotations-2.8.0.jar;E:\my_package\Apache\Repositories\Maven\com\fasterxml\jackson\core\jackson-core\2.8.10\jackson-core-2.8.10.jar;E:\my_package\Apache\Repositories\Maven\org\springframework\spring-web\4.3.12.RELEASE\spring-web-4.3.12.RELEASE.jar;E:\my_package\Apache\Repositories\Maven\org\springframework\spring-beans\4.3.12.RELEASE\spring-beans-4.3.12.RELEASE.jar;E:\my_package\Apache\Repositories\Maven\org\springframework\spring-context\4.3.12.RELEASE\spring-context-4.3.12.RELEASE.jar;E:\my_package\Apache\Repositories\Maven\org\springframework\spring-webmvc\4.3.12.RELEASE\spring-webmvc-4.3.12.RELEASE.jar;E:\my_package\Apache\Repositories\Maven\org\springframework\spring-expression\4.3.12.RELEASE\spring-expression-4.3.12.RELEASE.jar;E:\my_package\Apache\Repositories\Maven\mysql\mysql-connector-java\5.1.44\mysql-connector-java-5.1.44.jar;E:\my_package\Apache\Repositories\Maven\org\springframework\boot\spring-boot-starter-test\1.5.8.RELEASE\spring-boot-starter-test-1.5.8.RELEASE.jar;E:\my_package\Apache\Repositories\Maven\org\springframework\boot\spring-boot-test\1.5.8.RELEASE\spring-boot-test-1.5.8.RELEASE.jar;E:\my_package\Apache\Repositories\Maven\org\springframework\boot\spring-boot-test-autoconfigure\1.5.8.RELEASE\spring-boot-test-autoconfigure-1.5.8.RELEASE.jar;E:\my_package\Apache\Repositories\Maven\com\jayway\jsonpath\json-path\2.2.0\json-path-2.2.0.jar;E:\my_package\Apache\Repositories\Maven\net\minidev\json-smart\2.2.1\json-smart-2.2.1.jar;E:\my_package\Apache\Repositories\Maven\net\minidev\accessors-smart\1.1\accessors-smart-1.1.jar;E:\my_package\Apache\Repositories\Maven\org\ow2\asm\asm\5.0.3\asm-5.0.3.jar;E:\my_package\Apache\Repositories\Maven\org\slf4j\slf4j-api\1.7.25\slf4j-api-1.7.25.jar;E:\my_package\Apache\Repositories\Maven\org\assertj\assertj-core\2.6.0\assertj-core-2.6.0.jar;E:\my_package\Apache\Repositories\Maven\org\hamcrest\hamcrest-core\1.3\hamcrest-core-1.3.jar;E:\my_package\Apache\Repositories\Maven\org\hamcrest\hamcrest-library\1.3\hamcrest-library-1.3.jar;E:\my_package\Apache\Repositories\Maven\org\skyscreamer\jsonassert\1.4.0\jsonassert-1.4.0.jar;E:\my_package\Apache\Repositories\Maven\com\vaadin\external\google\android-json\0.0.20131108.vaadin1\android-json-0.0.20131108.vaadin1.jar;E:\my_package\Apache\Repositories\Maven\org\springframework\spring-core\4.3.12.RELEASE\spring-core-4.3.12.RELEASE.jar;E:\my_package\Apache\Repositories\Maven\org\springframework\spring-test\4.3.12.RELEASE\spring-test-4.3.12.RELEASE.jar;E:\my_package\Apache\Repositories\Maven\org\springframework\boot\spring-boot-starter-aop\1.5.8.RELEASE\spring-boot-starter-aop-1.5.8.RELEASE.jar;E:\my_package\Apache\Repositories\Maven\org\springframework\spring-aop\4.3.12.RELEASE\spring-aop-4.3.12.RELEASE.jar;E:\my_package\Apache\Repositories\Maven\org\aspectj\aspectjweaver\1.8.11\aspectjweaver-1.8.11.jar;E:\my_package\Apache\Repositories\Maven\org\springframework\boot\spring-boot-starter-data-mongodb\1.5.8.RELEASE\spring-boot-starter-data-mongodb-1.5.8.RELEASE.jar;E:\my_package\Apache\Repositories\Maven\org\mongodb\mongodb-driver\3.4.3\mongodb-driver-3.4.3.jar;E:\my_package\Apache\Repositories\Maven\org\mongodb\mongodb-driver-core\3.4.3\mongodb-driver-core-3.4.3.jar;E:\my_package\Apache\Repositories\Maven\org\mongodb\bson\3.4.3\bson-3.4.3.jar;E:\my_package\Apache\Repositories\Maven\org\springframework\data\spring-data-mongodb\1.10.8.RELEASE\spring-data-mongodb-1.10.8.RELEASE.jar;E:\my_package\Apache\Repositories\Maven\org\springframework\spring-tx\4.3.12.RELEASE\spring-tx-4.3.12.RELEASE.jar;E:\my_package\Apache\Repositories\Maven\org\springframework\data\spring-data-commons\1.13.8.RELEASE\spring-data-commons-1.13.8.RELEASE.jar;E:\my_package\Apache\Repositories\Maven\org\slf4j\jcl-over-slf4j\1.7.25\jcl-over-slf4j-1.7.25.jar;E:\my_package\Apache\Repositories\Maven\org\springframework\boot\spring-boot-starter-data-redis\1.5.8.RELEASE\spring-boot-starter-data-redis-1.5.8.RELEASE.jar;E:\my_package\Apache\Repositories\Maven\org\springframework\data\spring-data-redis\1.8.8.RELEASE\spring-data-redis-1.8.8.RELEASE.jar;E:\my_package\Apache\Repositories\Maven\org\springframework\data\spring-data-keyvalue\1.2.8.RELEASE\spring-data-keyvalue-1.2.8.RELEASE.jar;E:\my_package\Apache\Repositories\Maven\org\springframework\spring-oxm\4.3.12.RELEASE\spring-oxm-4.3.12.RELEASE.jar;E:\my_package\Apache\Repositories\Maven\redis\clients\jedis\2.9.0\jedis-2.9.0.jar;E:\my_package\Apache\Repositories\Maven\org\apache\commons\commons-pool2\2.4.2\commons-pool2-2.4.2.jar;E:\my_package\Apache\Repositories\Maven\org\springframework\boot\spring-boot-starter-freemarker\1.5.8.RELEASE\spring-boot-starter-freemarker-1.5.8.RELEASE.jar;E:\my_package\Apache\Repositories\Maven\org\freemarker\freemarker\2.3.26-incubating\freemarker-2.3.26-incubating.jar;E:\my_package\Apache\Repositories\Maven\org\springframework\spring-context-support\4.3.12.RELEASE\spring-context-support-4.3.12.RELEASE.jar;E:\my_package\Apache\Repositories\Maven\org\springframework\boot\spring-boot-starter-tomcat\1.5.8.RELEASE\spring-boot-starter-tomcat-1.5.8.RELEASE.jar;E:\my_package\Apache\Repositories\Maven\org\apache\tomcat\embed\tomcat-embed-core\8.5.23\tomcat-embed-core-8.5.23.jar;E:\my_package\Apache\Repositories\Maven\org\apache\tomcat\tomcat-annotations-api\8.5.23\tomcat-annotations-api-8.5.23.jar;E:\my_package\Apache\Repositories\Maven\org\apache\tomcat\embed\tomcat-embed-el\8.5.23\tomcat-embed-el-8.5.23.jar;E:\my_package\Apache\Repositories\Maven\org\apache\tomcat\embed\tomcat-embed-websocket\8.5.23\tomcat-embed-websocket-8.5.23.jar;E:\my_package\Apache\Repositories\Maven\junit\junit\4.12\junit-4.12.jar;E:\my_package\Apache\Repositories\Maven\org\mockito\mockito-core\1.10.19\mockito-core-1.10.19.jar;E:\my_package\Apache\Repositories\Maven\org\objenesis\objenesis\2.1\objenesis-2.1.jar;E:\my_package\Apache\Repositories\Maven\org\springframework\boot\spring-boot-starter-amqp\1.5.8.RELEASE\spring-boot-starter-amqp-1.5.8.RELEASE.jar;E:\my_package\Apache\Repositories\Maven\org\springframework\spring-messaging\4.3.12.RELEASE\spring-messaging-4.3.12.RELEASE.jar;E:\my_package\Apache\Repositories\Maven\org\springframework\amqp\spring-rabbit\1.7.4.RELEASE\spring-rabbit-1.7.4.RELEASE.jar;E:\my_package\Apache\Repositories\Maven\com\rabbitmq\http-client\1.1.1.RELEASE\http-client-1.1.1.RELEASE.jar;E:\my_package\Apache\Repositories\Maven\org\apache\httpcomponents\httpclient\4.5.3\httpclient-4.5.3.jar;E:\my_package\Apache\Repositories\Maven\org\apache\httpcomponents\httpcore\4.4.8\httpcore-4.4.8.jar;E:\my_package\Apache\Repositories\Maven\commons-codec\commons-codec\1.10\commons-codec-1.10.jar;E:\my_package\Apache\Repositories\Maven\com\rabbitmq\amqp-client\4.0.3\amqp-client-4.0.3.jar;E:\my_package\Apache\Repositories\Maven\org\springframework\retry\spring-retry\1.2.1.RELEASE\spring-retry-1.2.1.RELEASE.jar;E:\my_package\Apache\Repositories\Maven\org\springframework\amqp\spring-amqp\1.7.4.RELEASE\spring-amqp-1.7.4.RELEASE.jar;E:\my_package\Apache\Repositories\Maven\com\google\code\gson\gson\2.2.4\gson-2.2.4.jar;, java.specification.name=Java Platform API Specification, java.class.version=52.0, sun.management.compiler=HotSpot 64-Bit Tiered Compilers, maven.repo.local=E:\my_package\Apache\Repositories\Maven, os.version=10.0, user.home=C:\Users\wangfujie, user.timezone=Asia/Shanghai, java.awt.printerjob=sun.awt.windows.WPrinterJob, file.encoding=GBK, java.specification.version=1.8, java.class.path=D:\GitHubProject\my_blog\blog-manage-web\target\test-classes;D:\GitHubProject\my_blog\blog-manage-web\target\classes;E:\my_package\Apache\Repositories\Maven\org\mybatis\spring\boot\mybatis-spring-boot-starter\1.3.1\mybatis-spring-boot-starter-1.3.1.jar;E:\my_package\Apache\Repositories\Maven\org\springframework\boot\spring-boot-starter\1.5.8.RELEASE\spring-boot-starter-1.5.8.RELEASE.jar;E:\my_package\Apache\Repositories\Maven\org\springframework\boot\spring-boot\1.5.8.RELEASE\spring-boot-1.5.8.RELEASE.jar;E:\my_package\Apache\Repositories\Maven\org\springframework\boot\spring-boot-autoconfigure\1.5.8.RELEASE\spring-boot-autoconfigure-1.5.8.RELEASE.jar;E:\my_package\Apache\Repositories\Maven\org\springframework\boot\spring-boot-starter-logging\1.5.8.RELEASE\spring-boot-starter-logging-1.5.8.RELEASE.jar;E:\my_package\Apache\Repositories\Maven\ch\qos\logback\logback-classic\1.1.11\logback-classic-1.1.11.jar;E:\my_package\Apache\Repositories\Maven\ch\qos\logback\logback-core\1.1.11\logback-core-1.1.11.jar;E:\my_package\Apache\Repositories\Maven\org\slf4j\jul-to-slf4j\1.7.25\jul-to-slf4j-1.7.25.jar;E:\my_package\Apache\Repositories\Maven\org\slf4j\log4j-over-slf4j\1.7.25\log4j-over-slf4j-1.7.25.jar;E:\my_package\Apache\Repositories\Maven\org\yaml\snakeyaml\1.17\snakeyaml-1.17.jar;E:\my_package\Apache\Repositories\Maven\org\springframework\boot\spring-boot-starter-jdbc\1.5.8.RELEASE\spring-boot-starter-jdbc-1.5.8.RELEASE.jar;E:\my_package\Apache\Repositories\Maven\org\apache\tomcat\tomcat-jdbc\8.5.23\tomcat-jdbc-8.5.23.jar;E:\my_package\Apache\Repositories\Maven\org\apache\tomcat\tomcat-juli\8.5.23\tomcat-juli-8.5.23.jar;E:\my_package\Apache\Repositories\Maven\org\springframework\spring-jdbc\4.3.12.RELEASE\spring-jdbc-4.3.12.RELEASE.jar;E:\my_package\Apache\Repositories\Maven\org\mybatis\spring\boot\mybatis-spring-boot-autoconfigure\1.3.1\mybatis-spring-boot-autoconfigure-1.3.1.jar;E:\my_package\Apache\Repositories\Maven\org\mybatis\mybatis\3.4.5\mybatis-3.4.5.jar;E:\my_package\Apache\Repositories\Maven\org\mybatis\mybatis-spring\1.3.1\mybatis-spring-1.3.1.jar;E:\my_package\Apache\Repositories\Maven\org\springframework\boot\spring-boot-starter-web\1.5.8.RELEASE\spring-boot-starter-web-1.5.8.RELEASE.jar;E:\my_package\Apache\Repositories\Maven\org\hibernate\hibernate-validator\5.3.5.Final\hibernate-validator-5.3.5.Final.jar;E:\my_package\Apache\Repositories\Maven\javax\validation\validation-api\1.1.0.Final\validation-api-1.1.0.Final.jar;E:\my_package\Apache\Repositories\Maven\org\jboss\logging\jboss-logging\3.3.1.Final\jboss-logging-3.3.1.Final.jar;E:\my_package\Apache\Repositories\Maven\com\fasterxml\classmate\1.3.4\classmate-1.3.4.jar;E:\my_package\Apache\Repositories\Maven\com\fasterxml\jackson\core\jackson-databind\2.8.10\jackson-databind-2.8.10.jar;E:\my_package\Apache\Repositories\Maven\com\fasterxml\jackson\core\jackson-annotations\2.8.0\jackson-annotations-2.8.0.jar;E:\my_package\Apache\Repositories\Maven\com\fasterxml\jackson\core\jackson-core\2.8.10\jackson-core-2.8.10.jar;E:\my_package\Apache\Repositories\Maven\org\springframework\spring-web\4.3.12.RELEASE\spring-web-4.3.12.RELEASE.jar;E:\my_package\Apache\Repositories\Maven\org\springframework\spring-beans\4.3.12.RELEASE\spring-beans-4.3.12.RELEASE.jar;E:\my_package\Apache\Repositories\Maven\org\springframework\spring-context\4.3.12.RELEASE\spring-context-4.3.12.RELEASE.jar;E:\my_package\Apache\Repositories\Maven\org\springframework\spring-webmvc\4.3.12.RELEASE\spring-webmvc-4.3.12.RELEASE.jar;E:\my_package\Apache\Repositories\Maven\org\springframework\spring-expression\4.3.12.RELEASE\spring-expression-4.3.12.RELEASE.jar;E:\my_package\Apache\Repositories\Maven\mysql\mysql-connector-java\5.1.44\mysql-connector-java-5.1.44.jar;E:\my_package\Apache\Repositories\Maven\org\springframework\boot\spring-boot-starter-test\1.5.8.RELEASE\spring-boot-starter-test-1.5.8.RELEASE.jar;E:\my_package\Apache\Repositories\Maven\org\springframework\boot\spring-boot-test\1.5.8.RELEASE\spring-boot-test-1.5.8.RELEASE.jar;E:\my_package\Apache\Repositories\Maven\org\springframework\boot\spring-boot-test-autoconfigure\1.5.8.RELEASE\spring-boot-test-autoconfigure-1.5.8.RELEASE.jar;E:\my_package\Apache\Repositories\Maven\com\jayway\jsonpath\json-path\2.2.0\json-path-2.2.0.jar;E:\my_package\Apache\Repositories\Maven\net\minidev\json-smart\2.2.1\json-smart-2.2.1.jar;E:\my_package\Apache\Repositories\Maven\net\minidev\accessors-smart\1.1\accessors-smart-1.1.jar;E:\my_package\Apache\Repositories\Maven\org\ow2\asm\asm\5.0.3\asm-5.0.3.jar;E:\my_package\Apache\Repositories\Maven\org\slf4j\slf4j-api\1.7.25\slf4j-api-1.7.25.jar;E:\my_package\Apache\Repositories\Maven\org\assertj\assertj-core\2.6.0\assertj-core-2.6.0.jar;E:\my_package\Apache\Repositories\Maven\org\hamcrest\hamcrest-core\1.3\hamcrest-core-1.3.jar;E:\my_package\Apache\Repositories\Maven\org\hamcrest\hamcrest-library\1.3\hamcrest-library-1.3.jar;E:\my_package\Apache\Repositories\Maven\org\skyscreamer\jsonassert\1.4.0\jsonassert-1.4.0.jar;E:\my_package\Apache\Repositories\Maven\com\vaadin\external\google\android-json\0.0.20131108.vaadin1\android-json-0.0.20131108.vaadin1.jar;E:\my_package\Apache\Repositories\Maven\org\springframework\spring-core\4.3.12.RELEASE\spring-core-4.3.12.RELEASE.jar;E:\my_package\Apache\Repositories\Maven\org\springframework\spring-test\4.3.12.RELEASE\spring-test-4.3.12.RELEASE.jar;E:\my_package\Apache\Repositories\Maven\org\springframework\boot\spring-boot-starter-aop\1.5.8.RELEASE\spring-boot-starter-aop-1.5.8.RELEASE.jar;E:\my_package\Apache\Repositories\Maven\org\springframework\spring-aop\4.3.12.RELEASE\spring-aop-4.3.12.RELEASE.jar;E:\my_package\Apache\Repositories\Maven\org\aspectj\aspectjweaver\1.8.11\aspectjweaver-1.8.11.jar;E:\my_package\Apache\Repositories\Maven\org\springframework\boot\spring-boot-starter-data-mongodb\1.5.8.RELEASE\spring-boot-starter-data-mongodb-1.5.8.RELEASE.jar;E:\my_package\Apache\Repositories\Maven\org\mongodb\mongodb-driver\3.4.3\mongodb-driver-3.4.3.jar;E:\my_package\Apache\Repositories\Maven\org\mongodb\mongodb-driver-core\3.4.3\mongodb-driver-core-3.4.3.jar;E:\my_package\Apache\Repositories\Maven\org\mongodb\bson\3.4.3\bson-3.4.3.jar;E:\my_package\Apache\Repositories\Maven\org\springframework\data\spring-data-mongodb\1.10.8.RELEASE\spring-data-mongodb-1.10.8.RELEASE.jar;E:\my_package\Apache\Repositories\Maven\org\springframework\spring-tx\4.3.12.RELEASE\spring-tx-4.3.12.RELEASE.jar;E:\my_package\Apache\Repositories\Maven\org\springframework\data\spring-data-commons\1.13.8.RELEASE\spring-data-commons-1.13.8.RELEASE.jar;E:\my_package\Apache\Repositories\Maven\org\slf4j\jcl-over-slf4j\1.7.25\jcl-over-slf4j-1.7.25.jar;E:\my_package\Apache\Repositories\Maven\org\springframework\boot\spring-boot-starter-data-redis\1.5.8.RELEASE\spring-boot-starter-data-redis-1.5.8.RELEASE.jar;E:\my_package\Apache\Repositories\Maven\org\springframework\data\spring-data-redis\1.8.8.RELEASE\spring-data-redis-1.8.8.RELEASE.jar;E:\my_package\Apache\Repositories\Maven\org\springframework\data\spring-data-keyvalue\1.2.8.RELEASE\spring-data-keyvalue-1.2.8.RELEASE.jar;E:\my_package\Apache\Repositories\Maven\org\springframework\spring-oxm\4.3.12.RELEASE\spring-oxm-4.3.12.RELEASE.jar;E:\my_package\Apache\Repositories\Maven\redis\clients\jedis\2.9.0\jedis-2.9.0.jar;E:\my_package\Apache\Repositories\Maven\org\apache\commons\commons-pool2\2.4.2\commons-pool2-2.4.2.jar;E:\my_package\Apache\Repositories\Maven\org\springframework\boot\spring-boot-starter-freemarker\1.5.8.RELEASE\spring-boot-starter-freemarker-1.5.8.RELEASE.jar;E:\my_package\Apache\Repositories\Maven\org\freemarker\freemarker\2.3.26-incubating\freemarker-2.3.26-incubating.jar;E:\my_package\Apache\Repositories\Maven\org\springframework\spring-context-support\4.3.12.RELEASE\spring-context-support-4.3.12.RELEASE.jar;E:\my_package\Apache\Repositories\Maven\org\springframework\boot\spring-boot-starter-tomcat\1.5.8.RELEASE\spring-boot-starter-tomcat-1.5.8.RELEASE.jar;E:\my_package\Apache\Repositories\Maven\org\apache\tomcat\embed\tomcat-embed-core\8.5.23\tomcat-embed-core-8.5.23.jar;E:\my_package\Apache\Repositories\Maven\org\apache\tomcat\tomcat-annotations-api\8.5.23\tomcat-annotations-api-8.5.23.jar;E:\my_package\Apache\Repositories\Maven\org\apache\tomcat\embed\tomcat-embed-el\8.5.23\tomcat-embed-el-8.5.23.jar;E:\my_package\Apache\Repositories\Maven\org\apache\tomcat\embed\tomcat-embed-websocket\8.5.23\tomcat-embed-websocket-8.5.23.jar;E:\my_package\Apache\Repositories\Maven\junit\junit\4.12\junit-4.12.jar;E:\my_package\Apache\Repositories\Maven\org\mockito\mockito-core\1.10.19\mockito-core-1.10.19.jar;E:\my_package\Apache\Repositories\Maven\org\objenesis\objenesis\2.1\objenesis-2.1.jar;E:\my_package\Apache\Repositories\Maven\org\springframework\boot\spring-boot-starter-amqp\1.5.8.RELEASE\spring-boot-starter-amqp-1.5.8.RELEASE.jar;E:\my_package\Apache\Repositories\Maven\org\springframework\spring-messaging\4.3.12.RELEASE\spring-messaging-4.3.12.RELEASE.jar;E:\my_package\Apache\Repositories\Maven\org\springframework\amqp\spring-rabbit\1.7.4.RELEASE\spring-rabbit-1.7.4.RELEASE.jar;E:\my_package\Apache\Repositories\Maven\com\rabbitmq\http-client\1.1.1.RELEASE\http-client-1.1.1.RELEASE.jar;E:\my_package\Apache\Repositories\Maven\org\apache\httpcomponents\httpclient\4.5.3\httpclient-4.5.3.jar;E:\my_package\Apache\Repositories\Maven\org\apache\httpcomponents\httpcore\4.4.8\httpcore-4.4.8.jar;E:\my_package\Apache\Repositories\Maven\commons-codec\commons-codec\1.10\commons-codec-1.10.jar;E:\my_package\Apache\Repositories\Maven\com\rabbitmq\amqp-client\4.0.3\amqp-client-4.0.3.jar;E:\my_package\Apache\Repositories\Maven\org\springframework\retry\spring-retry\1.2.1.RELEASE\spring-retry-1.2.1.RELEASE.jar;E:\my_package\Apache\Repositories\Maven\org\springframework\amqp\spring-amqp\1.7.4.RELEASE\spring-amqp-1.7.4.RELEASE.jar;E:\my_package\Apache\Repositories\Maven\com\google\code\gson\gson\2.2.4\gson-2.2.4.jar;, user.name=wangfujie, java.vm.specification.version=1.8, sun.java.command=D:\GitHubProject\my_blog\blog-manage-web\target\surefire\surefirebooter6266729774948519038.jar D:\GitHubProject\my_blog\blog-manage-web\target\surefire\surefire2367816248552556754tmp D:\GitHubProject\my_blog\blog-manage-web\target\surefire\surefire_23613219497308022125tmp, java.home=E:\Java\jdk1.8.0_131\jre, sun.arch.data.model=64, user.language=zh, java.specification.vendor=Oracle Corporation, awt.toolkit=sun.awt.windows.WToolkit, java.vm.info=mixed mode, java.version=1.8.0_131, java.ext.dirs=E:\Java\jdk1.8.0_131\jre\lib\ext;C:\WINDOWS\Sun\Java\lib\ext, sun.boot.class.path=E:\Java\jdk1.8.0_131\jre\lib\resources.jar;E:\Java\jdk1.8.0_131\jre\lib\rt.jar;E:\Java\jdk1.8.0_131\jre\lib\sunrsasign.jar;E:\Java\jdk1.8.0_131\jre\lib\jsse.jar;E:\Java\jdk1.8.0_131\jre\lib\jce.jar;E:\Java\jdk1.8.0_131\jre\lib\charsets.jar;E:\Java\jdk1.8.0_131\jre\lib\jfr.jar;E:\Java\jdk1.8.0_131\jre\classes, java.vendor=Oracle Corporation, localRepository=E:\my_package\Apache\Repositories\Maven, file.separator=\, java.vendor.url.bug=http://bugreport.sun.com/bugreport/, sun.io.unicode.encoding=UnicodeLittle, sun.cpu.endian=little, sun.desktop=windows, sun.cpu.isalist=amd64}}, SystemEnvironmentPropertySource@525571 {name='systemEnvironment', properties={PATH=C:\ProgramData\Oracle\Java\javapath;C:\WINDOWS\system32;C:\WINDOWS;C:\WINDOWS\System32\Wbem;C:\WINDOWS\System32\WindowsPowerShell\v1.0\;E:\Java\jdk1.7.0_75\bin;E:\Program Files\SlikSvn\bin;E:\Program Files\Git\cmd;C:\Program Files (x86)\NVIDIA Corporation\PhysX\Common;E:\Python27;E:\Python27\Scripts;C:\WINDOWS\system32;C:\WINDOWS;C:\WINDOWS\System32\Wbem;C:\WINDOWS\System32\WindowsPowerShell\v1.0\;E:\Java\spring_boot\spring-1.5.4.RELEASE\bin;E:\Java\Android\sdk\platform-tools;E:\my_package\build-tools\gradle-4.0.2\bin;C:\Program Files\MongoDB\Server\3.4\bin;C:\redis;E:\Program Files\putty\;E:\Program Files\TortoiseSVN\bin;%NGINX_HOME%;%MAVEN_HOME%\bin;C:\Users\wangfujie\AppData\Local\Microsoft\WindowsApps;, USERDOMAIN_ROAMINGPROFILE=DESKTOP-D5EVANQ, PROCESSOR_LEVEL=6, SYSTEMDRIVE=C:, SPRING_BOOT=E:\Java\spring_boot\spring-1.5.4.RELEASE\bin, SESSIONNAME=Console, ALLUSERSPROFILE=C:\ProgramData, PROCESSOR_ARCHITECTURE=AMD64, MAVEN_HOME=E:\my_package\Apache\apache-maven-3.3.9, PROGRAMFILES=C:\Program Files, MOZ_PLUGIN_PATH=E:\Program Files (x86)\FoxitReader\Foxit Reader\plugins\, PSMODULEPATH=C:\WINDOWS\system32\WindowsPowerShell\v1.0\Modules\, PROGRAMDATA=C:\ProgramData, USERNAME=wangfujie, FPS_BROWSER_USER_PROFILE_STRING=Default, ONEDRIVE=C:\Users\wangfujie\OneDrive, PATHEXT=.COM;.EXE;.BAT;.CMD;.VBS;.VBE;.JS;.JSE;.WSF;.WSH;.MSC, WINDIR=C:\WINDOWS, HOMEPATH=\Users\wangfujie, PROCESSOR_IDENTIFIER=Intel64 Family 6 Model 69 Stepping 1, GenuineIntel, PUBLIC=C:\Users\Public, NGINX_HOME=E:\Program Files (x86)\nginx-1.12.1\, =::=::\, LOCALAPPDATA=C:\Users\wangfujie\AppData\Local, COMMONPROGRAMFILES(X86)=C:\Program Files (x86)\Common Files, USERDOMAIN=DESKTOP-D5EVANQ, FPS_BROWSER_APP_PROFILE_STRING=Internet Explorer, LOGONSERVER=\\DESKTOP-D5EVANQ, JAVA_HOME=E:\Java\jdk1.7.0_75, PROMPT=$P$G, PROGRAMFILES(X86)=C:\Program Files (x86), GRADLE_HOME=E:\my_package\build-tools\gradle-4.0.2, MONGODB_HOME=C:\Program Files\MongoDB\Server\3.4, APPDATA=C:\Users\wangfujie\AppData\Roaming, GRADLE_USER_HOME=E:\my_package\build-tools\.gradle, PROGRAMW6432=C:\Program Files, SYSTEMROOT=C:\WINDOWS, OS=Windows_NT, COMMONPROGRAMW6432=C:\Program Files\Common Files, COMPUTERNAME=DESKTOP-D5EVANQ, COMMONPROGRAMFILES=C:\Program Files\Common Files, COMSPEC=C:\WINDOWS\system32\cmd.exe, PROCESSOR_REVISION=4501, =D:=D:\GitHubProject\my_blog\blog-manage-web, TEMP=C:\Users\WANGFU~1\AppData\Local\Temp, HOMEDRIVE=C:, USERPROFILE=C:\Users\wangfujie, TMP=C:\Users\WANGFU~1\AppData\Local\Temp, NUMBER_OF_PROCESSORS=4}}]
11:35:42.744 [main] DEBUG org.springframework.core.io.support.PathMatchingResourcePatternResolver - Resolved classpath location [com/blog/manage/] to resources [URL [file:/D:/GitHubProject/my_blog/blog-manage-web/target/test-classes/com/blog/manage/], URL [file:/D:/GitHubProject/my_blog/blog-manage-web/target/classes/com/blog/manage/]]
11:35:42.745 [main] DEBUG org.springframework.core.io.support.PathMatchingResourcePatternResolver - Looking for matching resources in directory tree [D:\GitHubProject\my_blog\blog-manage-web\target\test-classes\com\blog\manage]
11:35:42.745 [main] DEBUG org.springframework.core.io.support.PathMatchingResourcePatternResolver - Searching directory [D:\GitHubProject\my_blog\blog-manage-web\target\test-classes\com\blog\manage] for files matching pattern [D:/GitHubProject/my_blog/blog-manage-web/target/test-classes/com/blog/manage/*.class]
11:35:42.749 [main] DEBUG org.springframework.core.io.support.PathMatchingResourcePatternResolver - Looking for matching resources in directory tree [D:\GitHubProject\my_blog\blog-manage-web\target\classes\com\blog\manage]
11:35:42.750 [main] DEBUG org.springframework.core.io.support.PathMatchingResourcePatternResolver - Searching directory [D:\GitHubProject\my_blog\blog-manage-web\target\classes\com\blog\manage] for files matching pattern [D:/GitHubProject/my_blog/blog-manage-web/target/classes/com/blog/manage/*.class]
11:35:42.750 [main] DEBUG org.springframework.core.io.support.PathMatchingResourcePatternResolver - Resolved location pattern [classpath*:com/blog/manage/*.class] to resources [file [D:\GitHubProject\my_blog\blog-manage-web\target\test-classes\com\blog\manage\BlogManageWebApplicationTests.class], file [D:\GitHubProject\my_blog\blog-manage-web\target\classes\com\blog\manage\BlogManageWebApplication.class]]
11:35:42.863 [main] DEBUG org.springframework.context.annotation.ClassPathScanningCandidateComponentProvider - Identified candidate component class: file [D:\GitHubProject\my_blog\blog-manage-web\target\classes\com\blog\manage\BlogManageWebApplication.class]
11:35:42.866 [main] INFO org.springframework.boot.test.context.SpringBootTestContextBootstrapper - Found @SpringBootConfiguration com.blog.manage.BlogManageWebApplication for test class com.blog.manage.BlogManageWebApplicationTests
11:35:42.877 [main] DEBUG org.springframework.boot.test.context.SpringBootTestContextBootstrapper - @TestExecutionListeners is not present for class [com.blog.manage.BlogManageWebApplicationTests]: using defaults.
11:35:42.907 [main] INFO org.springframework.boot.test.context.SpringBootTestContextBootstrapper - Loaded default TestExecutionListener class names from location [META-INF/spring.factories]: [org.springframework.boot.test.mock.mockito.MockitoTestExecutionListener, org.springframework.boot.test.mock.mockito.ResetMocksTestExecutionListener, org.springframework.boot.test.autoconfigure.restdocs.RestDocsTestExecutionListener, org.springframework.boot.test.autoconfigure.web.client.MockRestServiceServerResetTestExecutionListener, org.springframework.boot.test.autoconfigure.web.servlet.MockMvcPrintOnlyOnFailureTestExecutionListener, org.springframework.boot.test.autoconfigure.web.servlet.WebDriverTestExecutionListener, org.springframework.test.context.web.ServletTestExecutionListener, org.springframework.test.context.support.DirtiesContextBeforeModesTestExecutionListener, org.springframework.test.context.support.DependencyInjectionTestExecutionListener, org.springframework.test.context.support.DirtiesContextTestExecutionListener, org.springframework.test.context.transaction.TransactionalTestExecutionListener, org.springframework.test.context.jdbc.SqlScriptsTestExecutionListener]
11:35:42.948 [main] INFO org.springframework.boot.test.context.SpringBootTestContextBootstrapper - Using TestExecutionListeners: [org.springframework.test.context.web.ServletTestExecutionListener@dd3b207, org.springframework.test.context.support.DirtiesContextBeforeModesTestExecutionListener@551bdc27, org.springframework.boot.test.autoconfigure.SpringBootDependencyInjectionTestExecutionListener@58fdd99, org.springframework.test.context.support.DirtiesContextTestExecutionListener@6b1274d2, org.springframework.test.context.transaction.TransactionalTestExecutionListener@7bc1a03d, org.springframework.test.context.jdbc.SqlScriptsTestExecutionListener@70b0b186, org.springframework.boot.test.mock.mockito.MockitoTestExecutionListener@ba8d91c, org.springframework.boot.test.autoconfigure.restdocs.RestDocsTestExecutionListener@7364985f, org.springframework.boot.test.autoconfigure.web.servlet.WebDriverTestExecutionListener@5d20e46, org.springframework.boot.test.autoconfigure.web.servlet.MockMvcPrintOnlyOnFailureTestExecutionListener@709ba3fb, org.springframework.boot.test.autoconfigure.web.client.MockRestServiceServerResetTestExecutionListener@3d36e4cd, org.springframework.boot.test.mock.mockito.ResetMocksTestExecutionListener@6a472554]
11:35:42.952 [main] DEBUG org.springframework.test.annotation.ProfileValueUtils - Retrieved @ProfileValueSourceConfiguration [null] for test class [com.blog.manage.BlogManageWebApplicationTests]
11:35:42.953 [main] DEBUG org.springframework.test.annotation.ProfileValueUtils - Retrieved ProfileValueSource type [class org.springframework.test.annotation.SystemProfileValueSource] for class [com.blog.manage.BlogManageWebApplicationTests]
11:35:42.956 [main] DEBUG org.springframework.test.context.junit4.SpringJUnit4ClassRunner - SpringJUnit4ClassRunner constructor called with [class com.blog.manage.BlogManageWebApplicationTests]
11:35:42.956 [main] DEBUG org.springframework.test.context.BootstrapUtils - Instantiating CacheAwareContextLoaderDelegate from class [org.springframework.test.context.cache.DefaultCacheAwareContextLoaderDelegate]
11:35:42.956 [main] DEBUG org.springframework.test.context.BootstrapUtils - Instantiating BootstrapContext using constructor [public org.springframework.test.context.support.DefaultBootstrapContext(java.lang.Class,org.springframework.test.context.CacheAwareContextLoaderDelegate)]
11:35:42.957 [main] DEBUG org.springframework.test.context.BootstrapUtils - Instantiating TestContextBootstrapper for test class [com.blog.manage.BlogManageWebApplicationTests] from class [org.springframework.boot.test.context.SpringBootTestContextBootstrapper]
11:35:42.958 [main] INFO org.springframework.boot.test.context.SpringBootTestContextBootstrapper - Neither @ContextConfiguration nor @ContextHierarchy found for test class [com.blog.manage.BlogManageWebApplicationTests], using SpringBootContextLoader
11:35:42.959 [main] DEBUG org.springframework.test.context.support.AbstractContextLoader - Did not detect default resource location for test class [com.blog.manage.BlogManageWebApplicationTests]: class path resource [com/blog/manage/BlogManageWebApplicationTests-context.xml] does not exist
11:35:42.959 [main] DEBUG org.springframework.test.context.support.AbstractContextLoader - Did not detect default resource location for test class [com.blog.manage.BlogManageWebApplicationTests]: class path resource [com/blog/manage/BlogManageWebApplicationTestsContext.groovy] does not exist
11:35:42.959 [main] INFO org.springframework.test.context.support.AbstractContextLoader - Could not detect default resource locations for test class [com.blog.manage.BlogManageWebApplicationTests]: no resource found for suffixes {-context.xml, Context.groovy}.
11:35:42.959 [main] INFO org.springframework.test.context.support.AnnotationConfigContextLoaderUtils - Could not detect default configuration classes for test class [com.blog.manage.BlogManageWebApplicationTests]: BlogManageWebApplicationTests does not declare any static, non-private, non-final, nested classes annotated with @Configuration.
11:35:42.969 [main] DEBUG org.springframework.test.context.support.ActiveProfilesUtils - Could not find an 'annotation declaring class' for annotation type [org.springframework.test.context.ActiveProfiles] and class [com.blog.manage.BlogManageWebApplicationTests]
11:35:42.969 [main] DEBUG org.springframework.core.env.StandardEnvironment - Adding PropertySource 'systemProperties' with lowest search precedence
11:35:42.969 [main] DEBUG org.springframework.core.env.StandardEnvironment - Adding PropertySource 'systemEnvironment' with lowest search precedence
11:35:42.970 [main] DEBUG org.springframework.core.env.StandardEnvironment - Initialized StandardEnvironment with PropertySources [MapPropertySource@439928219 {name='systemProperties', properties={idea.version=2017.2.1, java.runtime.name=Java(TM) SE Runtime Environment, sun.boot.library.path=E:\Java\jdk1.8.0_131\jre\bin, java.vm.version=25.131-b11, java.vm.vendor=Oracle Corporation, java.vendor.url=http://java.oracle.com/, path.separator=;, java.vm.name=Java HotSpot(TM) 64-Bit Server VM, file.encoding.pkg=sun.io, user.country=CN, user.script=, sun.java.launcher=SUN_STANDARD, sun.os.patch.level=, java.vm.specification.name=Java Virtual Machine Specification, user.dir=D:\GitHubProject\my_blog\blog-manage-web, java.runtime.version=1.8.0_131-b11, basedir=D:\GitHubProject\my_blog\blog-manage-web, java.awt.graphicsenv=sun.awt.Win32GraphicsEnvironment, java.endorsed.dirs=E:\Java\jdk1.8.0_131\jre\lib\endorsed, os.arch=amd64, surefire.real.class.path=D:\GitHubProject\my_blog\blog-manage-web\target\surefire\surefirebooter6266729774948519038.jar, java.io.tmpdir=C:\Users\WANGFU~1\AppData\Local\Temp\, line.separator=
, java.vm.specification.vendor=Oracle Corporation, user.variant=, os.name=Windows 10, sun.jnu.encoding=GBK, java.library.path=E:\Java\jdk1.8.0_131\jre\bin;C:\WINDOWS\Sun\Java\bin;C:\WINDOWS\system32;C:\WINDOWS;C:\ProgramData\Oracle\Java\javapath;C:\WINDOWS\system32;C:\WINDOWS;C:\WINDOWS\System32\Wbem;C:\WINDOWS\System32\WindowsPowerShell\v1.0\;E:\Java\jdk1.7.0_75\bin;E:\Program Files\SlikSvn\bin;E:\Program Files\Git\cmd;C:\Program Files (x86)\NVIDIA Corporation\PhysX\Common;E:\Python27;E:\Python27\Scripts;C:\WINDOWS\system32;C:\WINDOWS;C:\WINDOWS\System32\Wbem;C:\WINDOWS\System32\WindowsPowerShell\v1.0\;E:\Java\spring_boot\spring-1.5.4.RELEASE\bin;E:\Java\Android\sdk\platform-tools;E:\my_package\build-tools\gradle-4.0.2\bin;C:\Program Files\MongoDB\Server\3.4\bin;C:\redis;E:\Program Files\putty\;E:\Program Files\TortoiseSVN\bin;%NGINX_HOME%;%MAVEN_HOME%\bin;C:\Users\wangfujie\AppData\Local\Microsoft\WindowsApps;;., surefire.test.class.path=D:\GitHubProject\my_blog\blog-manage-web\target\test-classes;D:\GitHubProject\my_blog\blog-manage-web\target\classes;E:\my_package\Apache\Repositories\Maven\org\mybatis\spring\boot\mybatis-spring-boot-starter\1.3.1\mybatis-spring-boot-starter-1.3.1.jar;E:\my_package\Apache\Repositories\Maven\org\springframework\boot\spring-boot-starter\1.5.8.RELEASE\spring-boot-starter-1.5.8.RELEASE.jar;E:\my_package\Apache\Repositories\Maven\org\springframework\boot\spring-boot\1.5.8.RELEASE\spring-boot-1.5.8.RELEASE.jar;E:\my_package\Apache\Repositories\Maven\org\springframework\boot\spring-boot-autoconfigure\1.5.8.RELEASE\spring-boot-autoconfigure-1.5.8.RELEASE.jar;E:\my_package\Apache\Repositories\Maven\org\springframework\boot\spring-boot-starter-logging\1.5.8.RELEASE\spring-boot-starter-logging-1.5.8.RELEASE.jar;E:\my_package\Apache\Repositories\Maven\ch\qos\logback\logback-classic\1.1.11\logback-classic-1.1.11.jar;E:\my_package\Apache\Repositories\Maven\ch\qos\logback\logback-core\1.1.11\logback-core-1.1.11.jar;E:\my_package\Apache\Repositories\Maven\org\slf4j\jul-to-slf4j\1.7.25\jul-to-slf4j-1.7.25.jar;E:\my_package\Apache\Repositories\Maven\org\slf4j\log4j-over-slf4j\1.7.25\log4j-over-slf4j-1.7.25.jar;E:\my_package\Apache\Repositories\Maven\org\yaml\snakeyaml\1.17\snakeyaml-1.17.jar;E:\my_package\Apache\Repositories\Maven\org\springframework\boot\spring-boot-starter-jdbc\1.5.8.RELEASE\spring-boot-starter-jdbc-1.5.8.RELEASE.jar;E:\my_package\Apache\Repositories\Maven\org\apache\tomcat\tomcat-jdbc\8.5.23\tomcat-jdbc-8.5.23.jar;E:\my_package\Apache\Repositories\Maven\org\apache\tomcat\tomcat-juli\8.5.23\tomcat-juli-8.5.23.jar;E:\my_package\Apache\Repositories\Maven\org\springframework\spring-jdbc\4.3.12.RELEASE\spring-jdbc-4.3.12.RELEASE.jar;E:\my_package\Apache\Repositories\Maven\org\mybatis\spring\boot\mybatis-spring-boot-autoconfigure\1.3.1\mybatis-spring-boot-autoconfigure-1.3.1.jar;E:\my_package\Apache\Repositories\Maven\org\mybatis\mybatis\3.4.5\mybatis-3.4.5.jar;E:\my_package\Apache\Repositories\Maven\org\mybatis\mybatis-spring\1.3.1\mybatis-spring-1.3.1.jar;E:\my_package\Apache\Repositories\Maven\org\springframework\boot\spring-boot-starter-web\1.5.8.RELEASE\spring-boot-starter-web-1.5.8.RELEASE.jar;E:\my_package\Apache\Repositories\Maven\org\hibernate\hibernate-validator\5.3.5.Final\hibernate-validator-5.3.5.Final.jar;E:\my_package\Apache\Repositories\Maven\javax\validation\validation-api\1.1.0.Final\validation-api-1.1.0.Final.jar;E:\my_package\Apache\Repositories\Maven\org\jboss\logging\jboss-logging\3.3.1.Final\jboss-logging-3.3.1.Final.jar;E:\my_package\Apache\Repositories\Maven\com\fasterxml\classmate\1.3.4\classmate-1.3.4.jar;E:\my_package\Apache\Repositories\Maven\com\fasterxml\jackson\core\jackson-databind\2.8.10\jackson-databind-2.8.10.jar;E:\my_package\Apache\Repositories\Maven\com\fasterxml\jackson\core\jackson-annotations\2.8.0\jackson-annotations-2.8.0.jar;E:\my_package\Apache\Repositories\Maven\com\fasterxml\jackson\core\jackson-core\2.8.10\jackson-core-2.8.10.jar;E:\my_package\Apache\Repositories\Maven\org\springframework\spring-web\4.3.12.RELEASE\spring-web-4.3.12.RELEASE.jar;E:\my_package\Apache\Repositories\Maven\org\springframework\spring-beans\4.3.12.RELEASE\spring-beans-4.3.12.RELEASE.jar;E:\my_package\Apache\Repositories\Maven\org\springframework\spring-context\4.3.12.RELEASE\spring-context-4.3.12.RELEASE.jar;E:\my_package\Apache\Repositories\Maven\org\springframework\spring-webmvc\4.3.12.RELEASE\spring-webmvc-4.3.12.RELEASE.jar;E:\my_package\Apache\Repositories\Maven\org\springframework\spring-expression\4.3.12.RELEASE\spring-expression-4.3.12.RELEASE.jar;E:\my_package\Apache\Repositories\Maven\mysql\mysql-connector-java\5.1.44\mysql-connector-java-5.1.44.jar;E:\my_package\Apache\Repositories\Maven\org\springframework\boot\spring-boot-starter-test\1.5.8.RELEASE\spring-boot-starter-test-1.5.8.RELEASE.jar;E:\my_package\Apache\Repositories\Maven\org\springframework\boot\spring-boot-test\1.5.8.RELEASE\spring-boot-test-1.5.8.RELEASE.jar;E:\my_package\Apache\Repositories\Maven\org\springframework\boot\spring-boot-test-autoconfigure\1.5.8.RELEASE\spring-boot-test-autoconfigure-1.5.8.RELEASE.jar;E:\my_package\Apache\Repositories\Maven\com\jayway\jsonpath\json-path\2.2.0\json-path-2.2.0.jar;E:\my_package\Apache\Repositories\Maven\net\minidev\json-smart\2.2.1\json-smart-2.2.1.jar;E:\my_package\Apache\Repositories\Maven\net\minidev\accessors-smart\1.1\accessors-smart-1.1.jar;E:\my_package\Apache\Repositories\Maven\org\ow2\asm\asm\5.0.3\asm-5.0.3.jar;E:\my_package\Apache\Repositories\Maven\org\slf4j\slf4j-api\1.7.25\slf4j-api-1.7.25.jar;E:\my_package\Apache\Repositories\Maven\org\assertj\assertj-core\2.6.0\assertj-core-2.6.0.jar;E:\my_package\Apache\Repositories\Maven\org\hamcrest\hamcrest-core\1.3\hamcrest-core-1.3.jar;E:\my_package\Apache\Repositories\Maven\org\hamcrest\hamcrest-library\1.3\hamcrest-library-1.3.jar;E:\my_package\Apache\Repositories\Maven\org\skyscreamer\jsonassert\1.4.0\jsonassert-1.4.0.jar;E:\my_package\Apache\Repositories\Maven\com\vaadin\external\google\android-json\0.0.20131108.vaadin1\android-json-0.0.20131108.vaadin1.jar;E:\my_package\Apache\Repositories\Maven\org\springframework\spring-core\4.3.12.RELEASE\spring-core-4.3.12.RELEASE.jar;E:\my_package\Apache\Repositories\Maven\org\springframework\spring-test\4.3.12.RELEASE\spring-test-4.3.12.RELEASE.jar;E:\my_package\Apache\Repositories\Maven\org\springframework\boot\spring-boot-starter-aop\1.5.8.RELEASE\spring-boot-starter-aop-1.5.8.RELEASE.jar;E:\my_package\Apache\Repositories\Maven\org\springframework\spring-aop\4.3.12.RELEASE\spring-aop-4.3.12.RELEASE.jar;E:\my_package\Apache\Repositories\Maven\org\aspectj\aspectjweaver\1.8.11\aspectjweaver-1.8.11.jar;E:\my_package\Apache\Repositories\Maven\org\springframework\boot\spring-boot-starter-data-mongodb\1.5.8.RELEASE\spring-boot-starter-data-mongodb-1.5.8.RELEASE.jar;E:\my_package\Apache\Repositories\Maven\org\mongodb\mongodb-driver\3.4.3\mongodb-driver-3.4.3.jar;E:\my_package\Apache\Repositories\Maven\org\mongodb\mongodb-driver-core\3.4.3\mongodb-driver-core-3.4.3.jar;E:\my_package\Apache\Repositories\Maven\org\mongodb\bson\3.4.3\bson-3.4.3.jar;E:\my_package\Apache\Repositories\Maven\org\springframework\data\spring-data-mongodb\1.10.8.RELEASE\spring-data-mongodb-1.10.8.RELEASE.jar;E:\my_package\Apache\Repositories\Maven\org\springframework\spring-tx\4.3.12.RELEASE\spring-tx-4.3.12.RELEASE.jar;E:\my_package\Apache\Repositories\Maven\org\springframework\data\spring-data-commons\1.13.8.RELEASE\spring-data-commons-1.13.8.RELEASE.jar;E:\my_package\Apache\Repositories\Maven\org\slf4j\jcl-over-slf4j\1.7.25\jcl-over-slf4j-1.7.25.jar;E:\my_package\Apache\Repositories\Maven\org\springframework\boot\spring-boot-starter-data-redis\1.5.8.RELEASE\spring-boot-starter-data-redis-1.5.8.RELEASE.jar;E:\my_package\Apache\Repositories\Maven\org\springframework\data\spring-data-redis\1.8.8.RELEASE\spring-data-redis-1.8.8.RELEASE.jar;E:\my_package\Apache\Repositories\Maven\org\springframework\data\spring-data-keyvalue\1.2.8.RELEASE\spring-data-keyvalue-1.2.8.RELEASE.jar;E:\my_package\Apache\Repositories\Maven\org\springframework\spring-oxm\4.3.12.RELEASE\spring-oxm-4.3.12.RELEASE.jar;E:\my_package\Apache\Repositories\Maven\redis\clients\jedis\2.9.0\jedis-2.9.0.jar;E:\my_package\Apache\Repositories\Maven\org\apache\commons\commons-pool2\2.4.2\commons-pool2-2.4.2.jar;E:\my_package\Apache\Repositories\Maven\org\springframework\boot\spring-boot-starter-freemarker\1.5.8.RELEASE\spring-boot-starter-freemarker-1.5.8.RELEASE.jar;E:\my_package\Apache\Repositories\Maven\org\freemarker\freemarker\2.3.26-incubating\freemarker-2.3.26-incubating.jar;E:\my_package\Apache\Repositories\Maven\org\springframework\spring-context-support\4.3.12.RELEASE\spring-context-support-4.3.12.RELEASE.jar;E:\my_package\Apache\Repositories\Maven\org\springframework\boot\spring-boot-starter-tomcat\1.5.8.RELEASE\spring-boot-starter-tomcat-1.5.8.RELEASE.jar;E:\my_package\Apache\Repositories\Maven\org\apache\tomcat\embed\tomcat-embed-core\8.5.23\tomcat-embed-core-8.5.23.jar;E:\my_package\Apache\Repositories\Maven\org\apache\tomcat\tomcat-annotations-api\8.5.23\tomcat-annotations-api-8.5.23.jar;E:\my_package\Apache\Repositories\Maven\org\apache\tomcat\embed\tomcat-embed-el\8.5.23\tomcat-embed-el-8.5.23.jar;E:\my_package\Apache\Repositories\Maven\org\apache\tomcat\embed\tomcat-embed-websocket\8.5.23\tomcat-embed-websocket-8.5.23.jar;E:\my_package\Apache\Repositories\Maven\junit\junit\4.12\junit-4.12.jar;E:\my_package\Apache\Repositories\Maven\org\mockito\mockito-core\1.10.19\mockito-core-1.10.19.jar;E:\my_package\Apache\Repositories\Maven\org\objenesis\objenesis\2.1\objenesis-2.1.jar;E:\my_package\Apache\Repositories\Maven\org\springframework\boot\spring-boot-starter-amqp\1.5.8.RELEASE\spring-boot-starter-amqp-1.5.8.RELEASE.jar;E:\my_package\Apache\Repositories\Maven\org\springframework\spring-messaging\4.3.12.RELEASE\spring-messaging-4.3.12.RELEASE.jar;E:\my_package\Apache\Repositories\Maven\org\springframework\amqp\spring-rabbit\1.7.4.RELEASE\spring-rabbit-1.7.4.RELEASE.jar;E:\my_package\Apache\Repositories\Maven\com\rabbitmq\http-client\1.1.1.RELEASE\http-client-1.1.1.RELEASE.jar;E:\my_package\Apache\Repositories\Maven\org\apache\httpcomponents\httpclient\4.5.3\httpclient-4.5.3.jar;E:\my_package\Apache\Repositories\Maven\org\apache\httpcomponents\httpcore\4.4.8\httpcore-4.4.8.jar;E:\my_package\Apache\Repositories\Maven\commons-codec\commons-codec\1.10\commons-codec-1.10.jar;E:\my_package\Apache\Repositories\Maven\com\rabbitmq\amqp-client\4.0.3\amqp-client-4.0.3.jar;E:\my_package\Apache\Repositories\Maven\org\springframework\retry\spring-retry\1.2.1.RELEASE\spring-retry-1.2.1.RELEASE.jar;E:\my_package\Apache\Repositories\Maven\org\springframework\amqp\spring-amqp\1.7.4.RELEASE\spring-amqp-1.7.4.RELEASE.jar;E:\my_package\Apache\Repositories\Maven\com\google\code\gson\gson\2.2.4\gson-2.2.4.jar;, java.specification.name=Java Platform API Specification, java.class.version=52.0, sun.management.compiler=HotSpot 64-Bit Tiered Compilers, maven.repo.local=E:\my_package\Apache\Repositories\Maven, os.version=10.0, user.home=C:\Users\wangfujie, user.timezone=Asia/Shanghai, java.awt.printerjob=sun.awt.windows.WPrinterJob, file.encoding=GBK, java.specification.version=1.8, java.class.path=D:\GitHubProject\my_blog\blog-manage-web\target\test-classes;D:\GitHubProject\my_blog\blog-manage-web\target\classes;E:\my_package\Apache\Repositories\Maven\org\mybatis\spring\boot\mybatis-spring-boot-starter\1.3.1\mybatis-spring-boot-starter-1.3.1.jar;E:\my_package\Apache\Repositories\Maven\org\springframework\boot\spring-boot-starter\1.5.8.RELEASE\spring-boot-starter-1.5.8.RELEASE.jar;E:\my_package\Apache\Repositories\Maven\org\springframework\boot\spring-boot\1.5.8.RELEASE\spring-boot-1.5.8.RELEASE.jar;E:\my_package\Apache\Repositories\Maven\org\springframework\boot\spring-boot-autoconfigure\1.5.8.RELEASE\spring-boot-autoconfigure-1.5.8.RELEASE.jar;E:\my_package\Apache\Repositories\Maven\org\springframework\boot\spring-boot-starter-logging\1.5.8.RELEASE\spring-boot-starter-logging-1.5.8.RELEASE.jar;E:\my_package\Apache\Repositories\Maven\ch\qos\logback\logback-classic\1.1.11\logback-classic-1.1.11.jar;E:\my_package\Apache\Repositories\Maven\ch\qos\logback\logback-core\1.1.11\logback-core-1.1.11.jar;E:\my_package\Apache\Repositories\Maven\org\slf4j\jul-to-slf4j\1.7.25\jul-to-slf4j-1.7.25.jar;E:\my_package\Apache\Repositories\Maven\org\slf4j\log4j-over-slf4j\1.7.25\log4j-over-slf4j-1.7.25.jar;E:\my_package\Apache\Repositories\Maven\org\yaml\snakeyaml\1.17\snakeyaml-1.17.jar;E:\my_package\Apache\Repositories\Maven\org\springframework\boot\spring-boot-starter-jdbc\1.5.8.RELEASE\spring-boot-starter-jdbc-1.5.8.RELEASE.jar;E:\my_package\Apache\Repositories\Maven\org\apache\tomcat\tomcat-jdbc\8.5.23\tomcat-jdbc-8.5.23.jar;E:\my_package\Apache\Repositories\Maven\org\apache\tomcat\tomcat-juli\8.5.23\tomcat-juli-8.5.23.jar;E:\my_package\Apache\Repositories\Maven\org\springframework\spring-jdbc\4.3.12.RELEASE\spring-jdbc-4.3.12.RELEASE.jar;E:\my_package\Apache\Repositories\Maven\org\mybatis\spring\boot\mybatis-spring-boot-autoconfigure\1.3.1\mybatis-spring-boot-autoconfigure-1.3.1.jar;E:\my_package\Apache\Repositories\Maven\org\mybatis\mybatis\3.4.5\mybatis-3.4.5.jar;E:\my_package\Apache\Repositories\Maven\org\mybatis\mybatis-spring\1.3.1\mybatis-spring-1.3.1.jar;E:\my_package\Apache\Repositories\Maven\org\springframework\boot\spring-boot-starter-web\1.5.8.RELEASE\spring-boot-starter-web-1.5.8.RELEASE.jar;E:\my_package\Apache\Repositories\Maven\org\hibernate\hibernate-validator\5.3.5.Final\hibernate-validator-5.3.5.Final.jar;E:\my_package\Apache\Repositories\Maven\javax\validation\validation-api\1.1.0.Final\validation-api-1.1.0.Final.jar;E:\my_package\Apache\Repositories\Maven\org\jboss\logging\jboss-logging\3.3.1.Final\jboss-logging-3.3.1.Final.jar;E:\my_package\Apache\Repositories\Maven\com\fasterxml\classmate\1.3.4\classmate-1.3.4.jar;E:\my_package\Apache\Repositories\Maven\com\fasterxml\jackson\core\jackson-databind\2.8.10\jackson-databind-2.8.10.jar;E:\my_package\Apache\Repositories\Maven\com\fasterxml\jackson\core\jackson-annotations\2.8.0\jackson-annotations-2.8.0.jar;E:\my_package\Apache\Repositories\Maven\com\fasterxml\jackson\core\jackson-core\2.8.10\jackson-core-2.8.10.jar;E:\my_package\Apache\Repositories\Maven\org\springframework\spring-web\4.3.12.RELEASE\spring-web-4.3.12.RELEASE.jar;E:\my_package\Apache\Repositories\Maven\org\springframework\spring-beans\4.3.12.RELEASE\spring-beans-4.3.12.RELEASE.jar;E:\my_package\Apache\Repositories\Maven\org\springframework\spring-context\4.3.12.RELEASE\spring-context-4.3.12.RELEASE.jar;E:\my_package\Apache\Repositories\Maven\org\springframework\spring-webmvc\4.3.12.RELEASE\spring-webmvc-4.3.12.RELEASE.jar;E:\my_package\Apache\Repositories\Maven\org\springframework\spring-expression\4.3.12.RELEASE\spring-expression-4.3.12.RELEASE.jar;E:\my_package\Apache\Repositories\Maven\mysql\mysql-connector-java\5.1.44\mysql-connector-java-5.1.44.jar;E:\my_package\Apache\Repositories\Maven\org\springframework\boot\spring-boot-starter-test\1.5.8.RELEASE\spring-boot-starter-test-1.5.8.RELEASE.jar;E:\my_package\Apache\Repositories\Maven\org\springframework\boot\spring-boot-test\1.5.8.RELEASE\spring-boot-test-1.5.8.RELEASE.jar;E:\my_package\Apache\Repositories\Maven\org\springframework\boot\spring-boot-test-autoconfigure\1.5.8.RELEASE\spring-boot-test-autoconfigure-1.5.8.RELEASE.jar;E:\my_package\Apache\Repositories\Maven\com\jayway\jsonpath\json-path\2.2.0\json-path-2.2.0.jar;E:\my_package\Apache\Repositories\Maven\net\minidev\json-smart\2.2.1\json-smart-2.2.1.jar;E:\my_package\Apache\Repositories\Maven\net\minidev\accessors-smart\1.1\accessors-smart-1.1.jar;E:\my_package\Apache\Repositories\Maven\org\ow2\asm\asm\5.0.3\asm-5.0.3.jar;E:\my_package\Apache\Repositories\Maven\org\slf4j\slf4j-api\1.7.25\slf4j-api-1.7.25.jar;E:\my_package\Apache\Repositories\Maven\org\assertj\assertj-core\2.6.0\assertj-core-2.6.0.jar;E:\my_package\Apache\Repositories\Maven\org\hamcrest\hamcrest-core\1.3\hamcrest-core-1.3.jar;E:\my_package\Apache\Repositories\Maven\org\hamcrest\hamcrest-library\1.3\hamcrest-library-1.3.jar;E:\my_package\Apache\Repositories\Maven\org\skyscreamer\jsonassert\1.4.0\jsonassert-1.4.0.jar;E:\my_package\Apache\Repositories\Maven\com\vaadin\external\google\android-json\0.0.20131108.vaadin1\android-json-0.0.20131108.vaadin1.jar;E:\my_package\Apache\Repositories\Maven\org\springframework\spring-core\4.3.12.RELEASE\spring-core-4.3.12.RELEASE.jar;E:\my_package\Apache\Repositories\Maven\org\springframework\spring-test\4.3.12.RELEASE\spring-test-4.3.12.RELEASE.jar;E:\my_package\Apache\Repositories\Maven\org\springframework\boot\spring-boot-starter-aop\1.5.8.RELEASE\spring-boot-starter-aop-1.5.8.RELEASE.jar;E:\my_package\Apache\Repositories\Maven\org\springframework\spring-aop\4.3.12.RELEASE\spring-aop-4.3.12.RELEASE.jar;E:\my_package\Apache\Repositories\Maven\org\aspectj\aspectjweaver\1.8.11\aspectjweaver-1.8.11.jar;E:\my_package\Apache\Repositories\Maven\org\springframework\boot\spring-boot-starter-data-mongodb\1.5.8.RELEASE\spring-boot-starter-data-mongodb-1.5.8.RELEASE.jar;E:\my_package\Apache\Repositories\Maven\org\mongodb\mongodb-driver\3.4.3\mongodb-driver-3.4.3.jar;E:\my_package\Apache\Repositories\Maven\org\mongodb\mongodb-driver-core\3.4.3\mongodb-driver-core-3.4.3.jar;E:\my_package\Apache\Repositories\Maven\org\mongodb\bson\3.4.3\bson-3.4.3.jar;E:\my_package\Apache\Repositories\Maven\org\springframework\data\spring-data-mongodb\1.10.8.RELEASE\spring-data-mongodb-1.10.8.RELEASE.jar;E:\my_package\Apache\Repositories\Maven\org\springframework\spring-tx\4.3.12.RELEASE\spring-tx-4.3.12.RELEASE.jar;E:\my_package\Apache\Repositories\Maven\org\springframework\data\spring-data-commons\1.13.8.RELEASE\spring-data-commons-1.13.8.RELEASE.jar;E:\my_package\Apache\Repositories\Maven\org\slf4j\jcl-over-slf4j\1.7.25\jcl-over-slf4j-1.7.25.jar;E:\my_package\Apache\Repositories\Maven\org\springframework\boot\spring-boot-starter-data-redis\1.5.8.RELEASE\spring-boot-starter-data-redis-1.5.8.RELEASE.jar;E:\my_package\Apache\Repositories\Maven\org\springframework\data\spring-data-redis\1.8.8.RELEASE\spring-data-redis-1.8.8.RELEASE.jar;E:\my_package\Apache\Repositories\Maven\org\springframework\data\spring-data-keyvalue\1.2.8.RELEASE\spring-data-keyvalue-1.2.8.RELEASE.jar;E:\my_package\Apache\Repositories\Maven\org\springframework\spring-oxm\4.3.12.RELEASE\spring-oxm-4.3.12.RELEASE.jar;E:\my_package\Apache\Repositories\Maven\redis\clients\jedis\2.9.0\jedis-2.9.0.jar;E:\my_package\Apache\Repositories\Maven\org\apache\commons\commons-pool2\2.4.2\commons-pool2-2.4.2.jar;E:\my_package\Apache\Repositories\Maven\org\springframework\boot\spring-boot-starter-freemarker\1.5.8.RELEASE\spring-boot-starter-freemarker-1.5.8.RELEASE.jar;E:\my_package\Apache\Repositories\Maven\org\freemarker\freemarker\2.3.26-incubating\freemarker-2.3.26-incubating.jar;E:\my_package\Apache\Repositories\Maven\org\springframework\spring-context-support\4.3.12.RELEASE\spring-context-support-4.3.12.RELEASE.jar;E:\my_package\Apache\Repositories\Maven\org\springframework\boot\spring-boot-starter-tomcat\1.5.8.RELEASE\spring-boot-starter-tomcat-1.5.8.RELEASE.jar;E:\my_package\Apache\Repositories\Maven\org\apache\tomcat\embed\tomcat-embed-core\8.5.23\tomcat-embed-core-8.5.23.jar;E:\my_package\Apache\Repositories\Maven\org\apache\tomcat\tomcat-annotations-api\8.5.23\tomcat-annotations-api-8.5.23.jar;E:\my_package\Apache\Repositories\Maven\org\apache\tomcat\embed\tomcat-embed-el\8.5.23\tomcat-embed-el-8.5.23.jar;E:\my_package\Apache\Repositories\Maven\org\apache\tomcat\embed\tomcat-embed-websocket\8.5.23\tomcat-embed-websocket-8.5.23.jar;E:\my_package\Apache\Repositories\Maven\junit\junit\4.12\junit-4.12.jar;E:\my_package\Apache\Repositories\Maven\org\mockito\mockito-core\1.10.19\mockito-core-1.10.19.jar;E:\my_package\Apache\Repositories\Maven\org\objenesis\objenesis\2.1\objenesis-2.1.jar;E:\my_package\Apache\Repositories\Maven\org\springframework\boot\spring-boot-starter-amqp\1.5.8.RELEASE\spring-boot-starter-amqp-1.5.8.RELEASE.jar;E:\my_package\Apache\Repositories\Maven\org\springframework\spring-messaging\4.3.12.RELEASE\spring-messaging-4.3.12.RELEASE.jar;E:\my_package\Apache\Repositories\Maven\org\springframework\amqp\spring-rabbit\1.7.4.RELEASE\spring-rabbit-1.7.4.RELEASE.jar;E:\my_package\Apache\Repositories\Maven\com\rabbitmq\http-client\1.1.1.RELEASE\http-client-1.1.1.RELEASE.jar;E:\my_package\Apache\Repositories\Maven\org\apache\httpcomponents\httpclient\4.5.3\httpclient-4.5.3.jar;E:\my_package\Apache\Repositories\Maven\org\apache\httpcomponents\httpcore\4.4.8\httpcore-4.4.8.jar;E:\my_package\Apache\Repositories\Maven\commons-codec\commons-codec\1.10\commons-codec-1.10.jar;E:\my_package\Apache\Repositories\Maven\com\rabbitmq\amqp-client\4.0.3\amqp-client-4.0.3.jar;E:\my_package\Apache\Repositories\Maven\org\springframework\retry\spring-retry\1.2.1.RELEASE\spring-retry-1.2.1.RELEASE.jar;E:\my_package\Apache\Repositories\Maven\org\springframework\amqp\spring-amqp\1.7.4.RELEASE\spring-amqp-1.7.4.RELEAS
[...]
ration, awt.toolkit=sun.awt.windows.WToolkit, java.vm.info=mixed mode, java.version=1.8.0_131, java.ext.dirs=E:\Java\jdk1.8.0_131\jre\lib\ext;C:\WINDOWS\Sun\Java\lib\ext, sun.boot.class.path=E:\Java\jdk1.8.0_131\jre\lib\resources.jar;E:\Java\jdk1.8.0_131\jre\lib\rt.jar;E:\Java\jdk1.8.0_131\jre\lib\sunrsasign.jar;E:\Java\jdk1.8.0_131\jre\lib\jsse.jar;E:\Java\jdk1.8.0_131\jre\lib\jce.jar;E:\Java\jdk1.8.0_131\jre\lib\charsets.jar;E:\Java\jdk1.8.0_131\jre\lib\jfr.jar;E:\Java\jdk1.8.0_131\jre\classes, java.vendor=Oracle Corporation, localRepository=E:\my_package\Apache\Repositories\Maven, file.separator=\, java.vendor.url.bug=http://bugreport.sun.com/bugreport/, sun.io.unicode.encoding=UnicodeLittle, sun.cpu.endian=little, sun.desktop=windows, sun.cpu.isalist=amd64}}, SystemEnvironmentPropertySource@49752459 {name='systemEnvironment', properties={PATH=C:\ProgramData\Oracle\Java\javapath;C:\WINDOWS\system32;C:\WINDOWS;C:\WINDOWS\System32\Wbem;C:\WINDOWS\System32\WindowsPowerShell\v1.0\;E:\Java\jdk1.7.0_75\bin;E:\Program Files\SlikSvn\bin;E:\Program Files\Git\cmd;C:\Program Files (x86)\NVIDIA Corporation\PhysX\Common;E:\Python27;E:\Python27\Scripts;C:\WINDOWS\system32;C:\WINDOWS;C:\WINDOWS\System32\Wbem;C:\WINDOWS\System32\WindowsPowerShell\v1.0\;E:\Java\spring_boot\spring-1.5.4.RELEASE\bin;E:\Java\Android\sdk\platform-tools;E:\my_package\build-tools\gradle-4.0.2\bin;C:\Program Files\MongoDB\Server\3.4\bin;C:\redis;E:\Program Files\putty\;E:\Program Files\TortoiseSVN\bin;%NGINX_HOME%;%MAVEN_HOME%\bin;C:\Users\wangfujie\AppData\Local\Microsoft\WindowsApps;, USERDOMAIN_ROAMINGPROFILE=DESKTOP-D5EVANQ, PROCESSOR_LEVEL=6, SYSTEMDRIVE=C:, SPRING_BOOT=E:\Java\spring_boot\spring-1.5.4.RELEASE\bin, SESSIONNAME=Console, ALLUSERSPROFILE=C:\ProgramData, PROCESSOR_ARCHITECTURE=AMD64, MAVEN_HOME=E:\my_package\Apache\apache-maven-3.3.9, PROGRAMFILES=C:\Program Files, MOZ_PLUGIN_PATH=E:\Program Files (x86)\FoxitReader\Foxit Reader\plugins\, PSMODULEPATH=C:\WINDOWS\system32\WindowsPowerShell\v1.0\Modules\, PROGRAMDATA=C:\ProgramData, USERNAME=wangfujie, FPS_BROWSER_USER_PROFILE_STRING=Default, ONEDRIVE=C:\Users\wangfujie\OneDrive, PATHEXT=.COM;.EXE;.BAT;.CMD;.VBS;.VBE;.JS;.JSE;.WSF;.WSH;.MSC, WINDIR=C:\WINDOWS, HOMEPATH=\Users\wangfujie, PROCESSOR_IDENTIFIER=Intel64 Family 6 Model 69 Stepping 1, GenuineIntel, PUBLIC=C:\Users\Public, NGINX_HOME=E:\Program Files (x86)\nginx-1.12.1\, =::=::\, LOCALAPPDATA=C:\Users\wangfujie\AppData\Local, COMMONPROGRAMFILES(X86)=C:\Program Files (x86)\Common Files, USERDOMAIN=DESKTOP-D5EVANQ, FPS_BROWSER_APP_PROFILE_STRING=Internet Explorer, LOGONSERVER=\\DESKTOP-D5EVANQ, JAVA_HOME=E:\Java\jdk1.7.0_75, PROMPT=$P$G, PROGRAMFILES(X86)=C:\Program Files (x86), GRADLE_HOME=E:\my_package\build-tools\gradle-4.0.2, MONGODB_HOME=C:\Program Files\MongoDB\Server\3.4, APPDATA=C:\Users\wangfujie\AppData\Roaming, GRADLE_USER_HOME=E:\my_package\build-tools\.gradle, PROGRAMW6432=C:\Program Files, SYSTEMROOT=C:\WINDOWS, OS=Windows_NT, COMMONPROGRAMW6432=C:\Program Files\Common Files, COMPUTERNAME=DESKTOP-D5EVANQ, COMMONPROGRAMFILES=C:\Program Files\Common Files, COMSPEC=C:\WINDOWS\system32\cmd.exe, PROCESSOR_REVISION=4501, =D:=D:\GitHubProject\my_blog\blog-manage-web, TEMP=C:\Users\WANGFU~1\AppData\Local\Temp, HOMEDRIVE=C:, USERPROFILE=C:\Users\wangfujie, TMP=C:\Users\WANGFU~1\AppData\Local\Temp, NUMBER_OF_PROCESSORS=4}}]
11:35:43.187 [main] DEBUG org.springframework.core.env.MutablePropertySources - Adding PropertySource 'inline' with highest search precedence
11:35:43.192 [main] DEBUG org.springframework.test.context.support.TestPropertySourceUtils - Adding inlined properties to environment: {spring.jmx.enabled=false, org.springframework.boot.test.context.SpringBootTestContextBootstrapper=true, server.port=-1}
11:35:43.193 [main] DEBUG org.springframework.core.env.StandardEnvironment - Adding PropertySource 'Inlined Test Properties' with highest search precedence

  .   ____          _            __ _ _
 /\\ / ___'_ __ _ _(_)_ __  __ _ \ \ \ \
( ( )\___ | '_ | '_| | '_ \/ _` | \ \ \ \
 \\/  ___)| |_)| | | | | || (_| |  ) ) ) )
  '  |____| .__|_| |_|_| |_\__, | / / / /
 =========|_|==============|___/=/_/_/_/
 :: Spring Boot ::        (v1.5.8.RELEASE)

2017-10-25 11:35:43.711  INFO 13780 --- [           main] c.b.m.BlogManageWebApplicationTests      : Starting BlogManageWebApplicationTests on DESKTOP-D5EVANQ with PID 13780 (started by wangfujie in D:\GitHubProject\my_blog\blog-manage-web)
2017-10-25 11:35:43.714  INFO 13780 --- [           main] c.b.m.BlogManageWebApplicationTests      : No active profile set, falling back to default profiles: default
2017-10-25 11:35:43.840  INFO 13780 --- [           main] o.s.w.c.s.GenericWebApplicationContext   : Refreshing org.springframework.web.context.support.GenericWebApplicationContext@1a18644: startup date [Wed Oct 25 11:35:43 CST 2017]; root of context hierarchy
2017-10-25 11:35:45.098  WARN 13780 --- [           main] o.m.s.mapper.ClassPathMapperScanner      : No MyBatis mapper was found in '[com.blog.manage]' package. Please check your configuration.
2017-10-25 11:35:45.169  INFO 13780 --- [           main] .s.d.r.c.RepositoryConfigurationDelegate : Multiple Spring Data modules found, entering strict repository configuration mode!
2017-10-25 11:35:45.199  INFO 13780 --- [           main] .s.d.r.c.RepositoryConfigurationDelegate : Multiple Spring Data modules found, entering strict repository configuration mode!
2017-10-25 11:35:46.015  INFO 13780 --- [           main] trationDelegate$BeanPostProcessorChecker : Bean 'org.springframework.amqp.rabbit.annotation.RabbitBootstrapConfiguration' of type [org.springframework.amqp.rabbit.annotation.RabbitBootstrapConfiguration$$EnhancerBySpringCGLIB$$315e82bc] is not eligible for getting processed by all BeanPostProcessors (for example: not eligible for auto-proxying)
2017-10-25 11:35:47.610  INFO 13780 --- [           main] s.w.s.m.m.a.RequestMappingHandlerAdapter : Looking for @ControllerAdvice: org.springframework.web.context.support.GenericWebApplicationContext@1a18644: startup date [Wed Oct 25 11:35:43 CST 2017]; root of context hierarchy
2017-10-25 11:35:47.737  INFO 13780 --- [           main] s.w.s.m.m.a.RequestMappingHandlerMapping : Mapped "{[/error]}" onto public org.springframework.http.ResponseEntity<java.util.Map<java.lang.String, java.lang.Object>> org.springframework.boot.autoconfigure.web.BasicErrorController.error(javax.servlet.http.HttpServletRequest)
2017-10-25 11:35:47.738  INFO 13780 --- [           main] s.w.s.m.m.a.RequestMappingHandlerMapping : Mapped "{[/error],produces=[text/html]}" onto public org.springframework.web.servlet.ModelAndView org.springframework.boot.autoconfigure.web.BasicErrorController.errorHtml(javax.servlet.http.HttpServletRequest,javax.servlet.http.HttpServletResponse)
2017-10-25 11:35:47.815  INFO 13780 --- [           main] o.s.w.s.handler.SimpleUrlHandlerMapping  : Mapped URL path [/webjars/**] onto handler of type [class org.springframework.web.servlet.resource.ResourceHttpRequestHandler]
2017-10-25 11:35:47.816  INFO 13780 --- [           main] o.s.w.s.handler.SimpleUrlHandlerMapping  : Mapped URL path [/**] onto handler of type [class org.springframework.web.servlet.resource.ResourceHttpRequestHandler]
2017-10-25 11:35:47.913  INFO 13780 --- [           main] o.s.w.s.handler.SimpleUrlHandlerMapping  : Mapped URL path [/**/favicon.ico] onto handler of type [class org.springframework.web.servlet.resource.ResourceHttpRequestHandler]
2017-10-25 11:35:48.141  WARN 13780 --- [           main] o.s.w.c.s.GenericWebApplicationContext   : Exception encountered during context initialization - cancelling refresh attempt: org.springframework.beans.factory.BeanCreationException: Error creating bean with name 'dataSource' defined in class path resource [org/springframework/boot/autoconfigure/jdbc/DataSourceConfiguration$Tomcat.class]: Bean instantiation via factory method failed; nested exception is org.springframework.beans.BeanInstantiationException: Failed to instantiate [org.apache.tomcat.jdbc.pool.DataSource]: Factory method 'dataSource' threw exception; nested exception is org.springframework.boot.autoconfigure.jdbc.DataSourceProperties$DataSourceBeanCreationException: Cannot determine embedded database driver class for database type NONE. If you want an embedded database please put a supported one on the classpath. If you have database settings to be loaded from a particular profile you may need to active it (no profiles are currently active).
2017-10-25 11:35:48.159  INFO 13780 --- [           main] utoConfigurationReportLoggingInitializer : 

Error starting ApplicationContext. To display the auto-configuration report re-run your application with 'debug' enabled.
2017-10-25 11:35:48.174 ERROR 13780 --- [           main] o.s.b.d.LoggingFailureAnalysisReporter   : 

***************************
APPLICATION FAILED TO START
***************************

Description:

Cannot determine embedded database driver class for database type NONE

Action:

If you want an embedded database please put a supported one on the classpath. If you have database settings to be loaded from a particular profile you may need to active it (no profiles are currently active).

2017-10-25 11:35:48.185 ERROR 13780 --- [           main] o.s.test.context.TestContextManager      : Caught exception while allowing TestExecutionListener [org.springframework.test.context.web.ServletTestExecutionListener@548a102f] to prepare test instance [com.blog.manage.BlogManageWebApplicationTests@76c387f9]

java.lang.IllegalStateException: Failed to load ApplicationContext
	at org.springframework.test.context.cache.DefaultCacheAwareContextLoaderDelegate.loadContext(DefaultCacheAwareContextLoaderDelegate.java:124) ~[spring-test-4.3.12.RELEASE.jar:4.3.12.RELEASE]
	at org.springframework.test.context.support.DefaultTestContext.getApplicationContext(DefaultTestContext.java:83) ~[spring-test-4.3.12.RELEASE.jar:4.3.12.RELEASE]
	at org.springframework.test.context.web.ServletTestExecutionListener.setUpRequestContextIfNecessary(ServletTestExecutionListener.java:189) ~[spring-test-4.3.12.RELEASE.jar:4.3.12.RELEASE]
	at org.springframework.test.context.web.ServletTestExecutionListener.prepareTestInstance(ServletTestExecutionListener.java:131) ~[spring-test-4.3.12.RELEASE.jar:4.3.12.RELEASE]
	at org.springframework.test.context.TestContextManager.prepareTestInstance(TestContextManager.java:230) ~[spring-test-4.3.12.RELEASE.jar:4.3.12.RELEASE]
	at org.springframework.test.context.junit4.SpringJUnit4ClassRunner.createTest(SpringJUnit4ClassRunner.java:228) [spring-test-4.3.12.RELEASE.jar:4.3.12.RELEASE]
	at org.springframework.test.context.junit4.SpringJUnit4ClassRunner$1.runReflectiveCall(SpringJUnit4ClassRunner.java:287) [spring-test-4.3.12.RELEASE.jar:4.3.12.RELEASE]
	at org.junit.internal.runners.model.ReflectiveCallable.run(ReflectiveCallable.java:12) [junit-4.12.jar:4.12]
	at org.springframework.test.context.junit4.SpringJUnit4ClassRunner.methodBlock(SpringJUnit4ClassRunner.java:289) [spring-test-4.3.12.RELEASE.jar:4.3.12.RELEASE]
	at org.springframework.test.context.junit4.SpringJUnit4ClassRunner.runChild(SpringJUnit4ClassRunner.java:247) [spring-test-4.3.12.RELEASE.jar:4.3.12.RELEASE]
	at org.springframework.test.context.junit4.SpringJUnit4ClassRunner.runChild(SpringJUnit4ClassRunner.java:94) [spring-test-4.3.12.RELEASE.jar:4.3.12.RELEASE]
	at org.junit.runners.ParentRunner$3.run(ParentRunner.java:290) [junit-4.12.jar:4.12]
	at org.junit.runners.ParentRunner$1.schedule(ParentRunner.java:71) [junit-4.12.jar:4.12]
	at org.junit.runners.ParentRunner.runChildren(ParentRunner.java:288) [junit-4.12.jar:4.12]
	at org.junit.runners.ParentRunner.access$000(ParentRunner.java:58) [junit-4.12.jar:4.12]
	at org.junit.runners.ParentRunner$2.evaluate(ParentRunner.java:268) [junit-4.12.jar:4.12]
	at org.springframework.test.context.junit4.statements.RunBeforeTestClassCallbacks.evaluate(RunBeforeTestClassCallbacks.java:61) [spring-test-4.3.12.RELEASE.jar:4.3.12.RELEASE]
	at org.springframework.test.context.junit4.statements.RunAfterTestClassCallbacks.evaluate(RunAfterTestClassCallbacks.java:70) [spring-test-4.3.12.RELEASE.jar:4.3.12.RELEASE]
	at org.junit.runners.ParentRunner.run(ParentRunner.java:363) [junit-4.12.jar:4.12]
	at org.springframework.test.context.junit4.SpringJUnit4ClassRunner.run(SpringJUnit4ClassRunner.java:191) [spring-test-4.3.12.RELEASE.jar:4.3.12.RELEASE]
	at org.apache.maven.surefire.junit4.JUnit4Provider.execute(JUnit4Provider.java:283) [surefire-junit4-2.18.1.jar:2.18.1]
	at org.apache.maven.surefire.junit4.JUnit4Provider.executeWithRerun(JUnit4Provider.java:173) [surefire-junit4-2.18.1.jar:2.18.1]
	at org.apache.maven.surefire.junit4.JUnit4Provider.executeTestSet(JUnit4Provider.java:153) [surefire-junit4-2.18.1.jar:2.18.1]
	at org.apache.maven.surefire.junit4.JUnit4Provider.invoke(JUnit4Provider.java:128) [surefire-junit4-2.18.1.jar:2.18.1]
	at org.apache.maven.surefire.booter.ForkedBooter.invokeProviderInSameClassLoader(ForkedBooter.java:203) [surefire-booter-2.18.1.jar:2.18.1]
	at org.apache.maven.surefire.booter.ForkedBooter.runSuitesInProcess(ForkedBooter.java:155) [surefire-booter-2.18.1.jar:2.18.1]
	at org.apache.maven.surefire.booter.ForkedBooter.main(ForkedBooter.java:103) [surefire-booter-2.18.1.jar:2.18.1]
Caused by: org.springframework.beans.factory.BeanCreationException: Error creating bean with name 'dataSource' defined in class path resource [org/springframework/boot/autoconfigure/jdbc/DataSourceConfiguration$Tomcat.class]: Bean instantiation via factory method failed; nested exception is org.springframework.beans.BeanInstantiationException: Failed to instantiate [org.apache.tomcat.jdbc.pool.DataSource]: Factory method 'dataSource' threw exception; nested exception is org.springframework.boot.autoconfigure.jdbc.DataSourceProperties$DataSourceBeanCreationException: Cannot determine embedded database driver class for database type NONE. If you want an embedded database please put a supported one on the classpath. If you have database settings to be loaded from a particular profile you may need to active it (no profiles are currently active).
	at org.springframework.beans.factory.support.ConstructorResolver.instantiateUsingFactoryMethod(ConstructorResolver.java:599) ~[spring-beans-4.3.12.RELEASE.jar:4.3.12.RELEASE]
	at org.springframework.beans.factory.support.AbstractAutowireCapableBeanFactory.instantiateUsingFactoryMethod(AbstractAutowireCapableBeanFactory.java:1173) ~[spring-beans-4.3.12.RELEASE.jar:4.3.12.RELEASE]
	at org.springframework.beans.factory.support.AbstractAutowireCapableBeanFactory.createBeanInstance(AbstractAutowireCapableBeanFactory.java:1067) ~[spring-beans-4.3.12.RELEASE.jar:4.3.12.RELEASE]
	at org.springframework.beans.factory.support.AbstractAutowireCapableBeanFactory.doCreateBean(AbstractAutowireCapableBeanFactory.java:513) ~[spring-beans-4.3.12.RELEASE.jar:4.3.12.RELEASE]
	at org.springframework.beans.factory.support.AbstractAutowireCapableBeanFactory.createBean(AbstractAutowireCapableBeanFactory.java:483) ~[spring-beans-4.3.12.RELEASE.jar:4.3.12.RELEASE]
	at org.springframework.beans.factory.support.AbstractBeanFactory$1.getObject(AbstractBeanFactory.java:306) ~[spring-beans-4.3.12.RELEASE.jar:4.3.12.RELEASE]
	at org.springframework.beans.factory.support.DefaultSingletonBeanRegistry.getSingleton(DefaultSingletonBeanRegistry.java:230) ~[spring-beans-4.3.12.RELEASE.jar:4.3.12.RELEASE]
	at org.springframework.beans.factory.support.AbstractBeanFactory.doGetBean(AbstractBeanFactory.java:302) ~[spring-beans-4.3.12.RELEASE.jar:4.3.12.RELEASE]
	at org.springframework.beans.factory.support.AbstractBeanFactory.getBean(AbstractBeanFactory.java:197) ~[spring-beans-4.3.12.RELEASE.jar:4.3.12.RELEASE]
	at org.springframework.beans.factory.support.DefaultListableBeanFactory.preInstantiateSingletons(DefaultListableBeanFactory.java:761) ~[spring-beans-4.3.12.RELEASE.jar:4.3.12.RELEASE]
	at org.springframework.context.support.AbstractApplicationContext.finishBeanFactoryInitialization(AbstractApplicationContext.java:867) ~[spring-context-4.3.12.RELEASE.jar:4.3.12.RELEASE]
	at org.springframework.context.support.AbstractApplicationContext.refresh(AbstractApplicationContext.java:543) ~[spring-context-4.3.12.RELEASE.jar:4.3.12.RELEASE]
	at org.springframework.boot.SpringApplication.refresh(SpringApplication.java:693) ~[spring-boot-1.5.8.RELEASE.jar:1.5.8.RELEASE]
	at org.springframework.boot.SpringApplication.refreshContext(SpringApplication.java:360) ~[spring-boot-1.5.8.RELEASE.jar:1.5.8.RELEASE]
	at org.springframework.boot.SpringApplication.run(SpringApplication.java:303) ~[spring-boot-1.5.8.RELEASE.jar:1.5.8.RELEASE]
	at org.springframework.boot.test.context.SpringBootContextLoader.loadContext(SpringBootContextLoader.java:120) ~[spring-boot-test-1.5.8.RELEASE.jar:1.5.8.RELEASE]
	at org.springframework.test.context.cache.DefaultCacheAwareContextLoaderDelegate.loadContextInternal(DefaultCacheAwareContextLoaderDelegate.java:98) ~[spring-test-4.3.12.RELEASE.jar:4.3.12.RELEASE]
	at org.springframework.test.context.cache.DefaultCacheAwareContextLoaderDelegate.loadContext(DefaultCacheAwareContextLoaderDelegate.java:116) ~[spring-test-4.3.12.RELEASE.jar:4.3.12.RELEASE]
	... 26 common frames omitted
Caused by: org.springframework.beans.BeanInstantiationException: Failed to instantiate [org.apache.tomcat.jdbc.pool.DataSource]: Factory method 'dataSource' threw exception; nested exception is org.springframework.boot.autoconfigure.jdbc.DataSourceProperties$DataSourceBeanCreationException: Cannot determine embedded database driver class for database type NONE. If you want an embedded database please put a supported one on the classpath. If you have database settings to be loaded from a particular profile you may need to active it (no profiles are currently active).
	at org.springframework.beans.factory.support.SimpleInstantiationStrategy.instantiate(SimpleInstantiationStrategy.java:189) ~[spring-beans-4.3.12.RELEASE.jar:4.3.12.RELEASE]
	at org.springframework.beans.factory.support.ConstructorResolver.instantiateUsingFactoryMethod(ConstructorResolver.java:588) ~[spring-beans-4.3.12.RELEASE.jar:4.3.12.RELEASE]
	... 43 common frames omitted
Caused by: org.springframework.boot.autoconfigure.jdbc.DataSourceProperties$DataSourceBeanCreationException: Cannot determine embedded database driver class for database type NONE. If you want an embedded database please put a supported one on the classpath. If you have database settings to be loaded from a particular profile you may need to active it (no profiles are currently active).
	at org.springframework.boot.autoconfigure.jdbc.DataSourceProperties.determineDriverClassName(DataSourceProperties.java:247) ~[spring-boot-autoconfigure-1.5.8.RELEASE.jar:1.5.8.RELEASE]
	at org.springframework.boot.autoconfigure.jdbc.DataSourceProperties.initializeDataSourceBuilder(DataSourceProperties.java:184) ~[spring-boot-autoconfigure-1.5.8.RELEASE.jar:1.5.8.RELEASE]
	at org.springframework.boot.autoconfigure.jdbc.DataSourceConfiguration.createDataSource(DataSourceConfiguration.java:42) ~[spring-boot-autoconfigure-1.5.8.RELEASE.jar:1.5.8.RELEASE]
	at org.springframework.boot.autoconfigure.jdbc.DataSourceConfiguration$Tomcat.dataSource(DataSourceConfiguration.java:56) ~[spring-boot-autoconfigure-1.5.8.RELEASE.jar:1.5.8.RELEASE]
	at sun.reflect.NativeMethodAccessorImpl.invoke0(Native Method) ~[na:1.8.0_131]
	at sun.reflect.NativeMethodAccessorImpl.invoke(NativeMethodAccessorImpl.java:62) ~[na:1.8.0_131]
	at sun.reflect.DelegatingMethodAccessorImpl.invoke(DelegatingMethodAccessorImpl.java:43) ~[na:1.8.0_131]
	at java.lang.reflect.Method.invoke(Method.java:498) ~[na:1.8.0_131]
	at org.springframework.beans.factory.support.SimpleInstantiationStrategy.instantiate(SimpleInstantiationStrategy.java:162) ~[spring-beans-4.3.12.RELEASE.jar:4.3.12.RELEASE]
	... 44 common frames omitted

]]></system-out>
  </testcase>
</testsuite>